2022-05-18T00:44:21+00:00 CRITICAL Uncaught Error: Call to a member function have_posts() on null in /Users/sunil/Sites/unissondisability-woo/wp-content/themes/unisson-disability/search.php:40
Stack trace:
#0 /Users/sunil/Sites/unissondisability-woo/wp-includes/template-loader.php(106): include()
#1 /Users/sunil/Sites/unissondisability-woo/wp-blog-header.php(19): require_once('/Users/sunil/Si...')
#2 /Users/sunil/Sites/unissondisability-woo/index.php(17): require('/Users/sunil/Si...')
#3 {main}
  thrown in /Users/sunil/Sites/unissondisability-woo/wp-content/themes/unisson-disability/search.php on line 40

2022-05-18T01:38:17+00:00 CRITICAL Cannot redeclare wc_logout_url() (previously declared in /Users/sunil/Sites/unissondisability-woo/wp-content/themes/unisson-disability/functions.php:239) in /Users/sunil/Sites/unissondisability-woo/wp-content/plugins/woocommerce/includes/wc-template-functions.php on line 3611

2022-05-18T01:38:35+00:00 CRITICAL Cannot redeclare wc_logout_url() (previously declared in /Users/sunil/Sites/unissondisability-woo/wp-content/themes/unisson-disability/functions.php:239) in /Users/sunil/Sites/unissondisability-woo/wp-content/plugins/woocommerce/includes/wc-template-functions.php on line 3611

2022-05-18T01:38:37+00:00 CRITICAL Cannot redeclare wc_logout_url() (previously declared in /Users/sunil/Sites/unissondisability-woo/wp-content/themes/unisson-disability/functions.php:239) in /Users/sunil/Sites/unissondisability-woo/wp-content/plugins/woocommerce/includes/wc-template-functions.php on line 3611

2022-05-18T01:38:37+00:00 CRITICAL Cannot redeclare wc_logout_url() (previously declared in /Users/sunil/Sites/unissondisability-woo/wp-content/themes/unisson-disability/functions.php:239) in /Users/sunil/Sites/unissondisability-woo/wp-content/plugins/woocommerce/includes/wc-template-functions.php on line 3611

2022-05-18T01:38:40+00:00 CRITICAL Cannot redeclare wc_logout_url() (previously declared in /Users/sunil/Sites/unissondisability-woo/wp-content/themes/unisson-disability/functions.php:239) in /Users/sunil/Sites/unissondisability-woo/wp-content/plugins/woocommerce/includes/wc-template-functions.php on line 3611

2022-05-18T01:38:53+00:00 CRITICAL Cannot redeclare wc_logout_url() (previously declared in /Users/sunil/Sites/unissondisability-woo/wp-content/themes/unisson-disability/functions.php:239) in /Users/sunil/Sites/unissondisability-woo/wp-content/plugins/woocommerce/includes/wc-template-functions.php on line 3611

2022-05-18T01:38:55+00:00 CRITICAL Cannot redeclare wc_logout_url() (previously declared in /Users/sunil/Sites/unissondisability-woo/wp-content/themes/unisson-disability/functions.php:239) in /Users/sunil/Sites/unissondisability-woo/wp-content/plugins/woocommerce/includes/wc-template-functions.php on line 3611

2022-05-18T01:39:59+00:00 CRITICAL Cannot redeclare wc_logout_url() (previously declared in /Users/sunil/Sites/unissondisability-woo/wp-content/themes/unisson-disability/functions.php:239) in /Users/sunil/Sites/unissondisability-woo/wp-content/plugins/woocommerce/includes/wc-template-functions.php on line 3611

2022-05-18T01:39:59+00:00 CRITICAL Cannot redeclare wc_logout_url() (previously declared in /Users/sunil/Sites/unissondisability-woo/wp-content/themes/unisson-disability/functions.php:239) in /Users/sunil/Sites/unissondisability-woo/wp-content/plugins/woocommerce/includes/wc-template-functions.php on line 3611

2022-05-18T01:40:13+00:00 CRITICAL Cannot redeclare wc_logout_url() (previously declared in /Users/sunil/Sites/unissondisability-woo/wp-content/themes/unisson-disability/functions.php:239) in /Users/sunil/Sites/unissondisability-woo/wp-content/plugins/woocommerce/includes/wc-template-functions.php on line 3611

2022-05-18T01:47:02+00:00 CRITICAL Cannot redeclare wc_logout_url() (previously declared in /Users/sunil/Sites/unissondisability-woo/wp-content/themes/unisson-disability/functions.php:238) in /Users/sunil/Sites/unissondisability-woo/wp-content/plugins/woocommerce/includes/wc-template-functions.php on line 3611

2022-05-18T01:47:08+00:00 CRITICAL Cannot redeclare wc_logout_url() (previously declared in /Users/sunil/Sites/unissondisability-woo/wp-content/themes/unisson-disability/functions.php:238) in /Users/sunil/Sites/unissondisability-woo/wp-content/plugins/woocommerce/includes/wc-template-functions.php on line 3611

2022-05-18T01:47:14+00:00 CRITICAL Cannot redeclare wc_logout_url() (previously declared in /Users/sunil/Sites/unissondisability-woo/wp-content/themes/unisson-disability/functions.php:238) in /Users/sunil/Sites/unissondisability-woo/wp-content/plugins/woocommerce/includes/wc-template-functions.php on line 3611

2022-05-18T01:47:17+00:00 CRITICAL Cannot redeclare wc_logout_url() (previously declared in /Users/sunil/Sites/unissondisability-woo/wp-content/themes/unisson-disability/functions.php:238) in /Users/sunil/Sites/unissondisability-woo/wp-content/plugins/woocommerce/includes/wc-template-functions.php on line 3611

2022-05-18T02:30:51+00:00 CRITICAL Uncaught Error: Call to a member function get_cart_total() on null in /Users/sunil/Sites/unissondisability-woo/wp-content/themes/unisson-disability/header.php:190
Stack trace:
#0 /Users/sunil/Sites/unissondisability-woo/wp-includes/template.php(770): require_once()
#1 /Users/sunil/Sites/unissondisability-woo/wp-includes/template.php(716): load_template('/Users/sunil/Si...', true, Array)
#2 /Users/sunil/Sites/unissondisability-woo/wp-includes/general-template.php(48): locate_template(Array, true, true, Array)
#3 /Users/sunil/Sites/unissondisability-woo/wp-content/themes/unisson-disability/page.php(15): get_header()
#4 /Users/sunil/Sites/unissondisability-woo/wp-includes/template-loader.php(106): include('/Users/sunil/Si...')
#5 /Users/sunil/Sites/unissondisability-woo/wp-blog-header.php(19): require_once('/Users/sunil/Si...')
#6 /Users/sunil/Sites/unissondisability-woo/index.php(17): require('/Users/sunil/Si...')
#7 {main}
  thrown in /Users/sunil/Sites/unissondisability-woo/wp-content/themes/unisson-disability/header.php on line 190

2022-05-18T02:31:08+00:00 CRITICAL Uncaught Error: Call to a member function get_cart_total() on null in /Users/sunil/Sites/unissondisability-woo/wp-content/themes/unisson-disability/header.php:190
Stack trace:
#0 /Users/sunil/Sites/unissondisability-woo/wp-includes/template.php(770): require_once()
#1 /Users/sunil/Sites/unissondisability-woo/wp-includes/template.php(716): load_template('/Users/sunil/Si...', true, Array)
#2 /Users/sunil/Sites/unissondisability-woo/wp-includes/general-template.php(48): locate_template(Array, true, true, Array)
#3 /Users/sunil/Sites/unissondisability-woo/wp-content/themes/unisson-disability/page.php(15): get_header()
#4 /Users/sunil/Sites/unissondisability-woo/wp-includes/template-loader.php(106): include('/Users/sunil/Si...')
#5 /Users/sunil/Sites/unissondisability-woo/wp-blog-header.php(19): require_once('/Users/sunil/Si...')
#6 /Users/sunil/Sites/unissondisability-woo/index.php(17): require('/Users/sunil/Si...')
#7 {main}
  thrown in /Users/sunil/Sites/unissondisability-woo/wp-content/themes/unisson-disability/header.php on line 190

2022-05-18T02:31:12+00:00 CRITICAL Uncaught Error: Call to a member function get_cart_total() on null in /Users/sunil/Sites/unissondisability-woo/wp-content/themes/unisson-disability/header.php:190
Stack trace:
#0 /Users/sunil/Sites/unissondisability-woo/wp-includes/template.php(770): require_once()
#1 /Users/sunil/Sites/unissondisability-woo/wp-includes/template.php(716): load_template('/Users/sunil/Si...', true, Array)
#2 /Users/sunil/Sites/unissondisability-woo/wp-includes/general-template.php(48): locate_template(Array, true, true, Array)
#3 /Users/sunil/Sites/unissondisability-woo/wp-content/themes/unisson-disability/page.php(15): get_header()
#4 /Users/sunil/Sites/unissondisability-woo/wp-includes/template-loader.php(106): include('/Users/sunil/Si...')
#5 /Users/sunil/Sites/unissondisability-woo/wp-blog-header.php(19): require_once('/Users/sunil/Si...')
#6 /Users/sunil/Sites/unissondisability-woo/index.php(17): require('/Users/sunil/Si...')
#7 {main}
  thrown in /Users/sunil/Sites/unissondisability-woo/wp-content/themes/unisson-disability/header.php on line 190

2022-05-18T02:31:30+00:00 CRITICAL Uncaught Error: Call to a member function get_cart_total() on null in /Users/sunil/Sites/unissondisability-woo/wp-content/themes/unisson-disability/header.php:190
Stack trace:
#0 /Users/sunil/Sites/unissondisability-woo/wp-includes/template.php(770): require_once()
#1 /Users/sunil/Sites/unissondisability-woo/wp-includes/template.php(716): load_template('/Users/sunil/Si...', true, Array)
#2 /Users/sunil/Sites/unissondisability-woo/wp-includes/general-template.php(48): locate_template(Array, true, true, Array)
#3 /Users/sunil/Sites/unissondisability-woo/wp-content/themes/unisson-disability/page.php(15): get_header()
#4 /Users/sunil/Sites/unissondisability-woo/wp-includes/template-loader.php(106): include('/Users/sunil/Si...')
#5 /Users/sunil/Sites/unissondisability-woo/wp-blog-header.php(19): require_once('/Users/sunil/Si...')
#6 /Users/sunil/Sites/unissondisability-woo/index.php(17): require('/Users/sunil/Si...')
#7 {main}
  thrown in /Users/sunil/Sites/unissondisability-woo/wp-content/themes/unisson-disability/header.php on line 190

2022-05-18T02:39:19+00:00 CRITICAL Uncaught ArgumentCountError: Too few arguments to function woocommerce_header_add_to_cart_fragment(), 0 passed in /Users/sunil/Sites/unissondisability-woo/wp-content/themes/unisson-disability/header.php on line 178 and exactly 1 expected in /Users/sunil/Sites/unissondisability-woo/wp-content/themes/unisson-disability/functions.php:240
Stack trace:
#0 /Users/sunil/Sites/unissondisability-woo/wp-content/themes/unisson-disability/header.php(178): woocommerce_header_add_to_cart_fragment()
#1 /Users/sunil/Sites/unissondisability-woo/wp-includes/template.php(770): require_once('/Users/sunil/Si...')
#2 /Users/sunil/Sites/unissondisability-woo/wp-includes/template.php(716): load_template('/Users/sunil/Si...', true, Array)
#3 /Users/sunil/Sites/unissondisability-woo/wp-includes/general-template.php(48): locate_template(Array, true, true, Array)
#4 /Users/sunil/Sites/unissondisability-woo/wp-content/themes/unisson-disability/page.php(15): get_header()
#5 /Users/sunil/Sites/unissondisability-woo/wp-includes/template-loa in /Users/sunil/Sites/unissondisability-woo/wp-content/themes/unisson-disability/functions.php on line 240

2022-05-18T02:59:23+00:00 CRITICAL Uncaught ArgumentCountError: Too few arguments to function _n(), 1 passed in /Users/sunil/Sites/unissondisability-woo/wp-content/themes/unisson-disability/functions.php on line 247 and at least 3 expected in /Users/sunil/Sites/unissondisability-woo/wp-includes/l10n.php:473
Stack trace:
#0 /Users/sunil/Sites/unissondisability-woo/wp-content/themes/unisson-disability/functions.php(247): _n(3)
#1 /Users/sunil/Sites/unissondisability-woo/wp-includes/class-wp-hook.php(307): woocommerce_header_add_to_cart_fragment(Array)
#2 /Users/sunil/Sites/unissondisability-woo/wp-includes/plugin.php(189): WP_Hook->apply_filters(Array, Array)
#3 /Users/sunil/Sites/unissondisability-woo/wp-content/plugins/woocommerce/includes/class-wc-ajax.php(191): apply_filters('woocommerce_add...', Array)
#4 /Users/sunil/Sites/unissondisability-woo/wp-includes/class-wp-hook.php(307): WC_AJAX::get_refreshed_fragments('')
#5 /Users/sunil/Sites/unissondisability-woo/wp-includes/class-wp-hook.php(331): WP_Hook->apply_filters('', Array)
#6 /Users/s in /Users/sunil/Sites/unissondisability-woo/wp-includes/l10n.php on line 473

2022-05-18T02:59:26+00:00 CRITICAL Uncaught ArgumentCountError: Too few arguments to function _n(), 1 passed in /Users/sunil/Sites/unissondisability-woo/wp-content/themes/unisson-disability/functions.php on line 247 and at least 3 expected in /Users/sunil/Sites/unissondisability-woo/wp-includes/l10n.php:473
Stack trace:
#0 /Users/sunil/Sites/unissondisability-woo/wp-content/themes/unisson-disability/functions.php(247): _n(3)
#1 /Users/sunil/Sites/unissondisability-woo/wp-includes/class-wp-hook.php(307): woocommerce_header_add_to_cart_fragment(Array)
#2 /Users/sunil/Sites/unissondisability-woo/wp-includes/plugin.php(189): WP_Hook->apply_filters(Array, Array)
#3 /Users/sunil/Sites/unissondisability-woo/wp-content/plugins/woocommerce/includes/class-wc-ajax.php(191): apply_filters('woocommerce_add...', Array)
#4 /Users/sunil/Sites/unissondisability-woo/wp-includes/class-wp-hook.php(307): WC_AJAX::get_refreshed_fragments('')
#5 /Users/sunil/Sites/unissondisability-woo/wp-includes/class-wp-hook.php(331): WP_Hook->apply_filters('', Array)
#6 /Users/s in /Users/sunil/Sites/unissondisability-woo/wp-includes/l10n.php on line 473

2022-05-18T02:59:41+00:00 CRITICAL Uncaught ArgumentCountError: Too few arguments to function _n(), 1 passed in /Users/sunil/Sites/unissondisability-woo/wp-content/themes/unisson-disability/functions.php on line 247 and at least 3 expected in /Users/sunil/Sites/unissondisability-woo/wp-includes/l10n.php:473
Stack trace:
#0 /Users/sunil/Sites/unissondisability-woo/wp-content/themes/unisson-disability/functions.php(247): _n(3)
#1 /Users/sunil/Sites/unissondisability-woo/wp-includes/class-wp-hook.php(307): woocommerce_header_add_to_cart_fragment(Array)
#2 /Users/sunil/Sites/unissondisability-woo/wp-includes/plugin.php(189): WP_Hook->apply_filters(Array, Array)
#3 /Users/sunil/Sites/unissondisability-woo/wp-content/plugins/woocommerce/includes/class-wc-ajax.php(191): apply_filters('woocommerce_add...', Array)
#4 /Users/sunil/Sites/unissondisability-woo/wp-includes/class-wp-hook.php(307): WC_AJAX::get_refreshed_fragments('')
#5 /Users/sunil/Sites/unissondisability-woo/wp-includes/class-wp-hook.php(331): WP_Hook->apply_filters('', Array)
#6 /Users/s in /Users/sunil/Sites/unissondisability-woo/wp-includes/l10n.php on line 473

2022-05-18T04:12:26+00:00 CRITICAL Uncaught Error: Call to undefined function entrada_truncate() in /Users/sunil/Sites/unissondisability-woo/wp-content/themes/unisson-disability/inc/class.walker.php:315
Stack trace:
#0 /Users/sunil/Sites/unissondisability-woo/wp-includes/class-wp-walker.php(146): wp_bootstrap_navwalker->start_el('<li id="menu-it...', Object(WP_Post), 1, Object(stdClass))
#1 /Users/sunil/Sites/unissondisability-woo/wp-content/themes/unisson-disability/inc/class.walker.php(400): Walker->display_element(Object(WP_Post), Array, 0, 1, Array, '<li id="menu-it...')
#2 /Users/sunil/Sites/unissondisability-woo/wp-includes/class-wp-walker.php(158): wp_bootstrap_navwalker->display_element(Object(WP_Post), Array, 0, 1, Array, '<li id="menu-it...')
#3 /Users/sunil/Sites/unissondisability-woo/wp-content/themes/unisson-disability/inc/class.walker.php(400): Walker->display_element(Object(WP_Post), Array, 0, 0, Array, '<li id="menu-it...')
#4 /Users/sunil/Sites/unissondisability-woo/wp-includes/class-wp-walker.php(246): wp_bootstrap_navwalker- in /Users/sunil/Sites/unissondisability-woo/wp-content/themes/unisson-disability/inc/class.walker.php on line 315

2022-05-18T04:51:41+00:00 CRITICAL Uncaught Error: Call to undefined function entrada_truncate() in /Users/sunil/Sites/unissondisability-woo/wp-content/themes/unisson-disability/inc/class.walker.php:315
Stack trace:
#0 /Users/sunil/Sites/unissondisability-woo/wp-includes/class-wp-walker.php(146): wp_bootstrap_navwalker->start_el('<li id="menu-it...', Object(WP_Post), 1, Object(stdClass))
#1 /Users/sunil/Sites/unissondisability-woo/wp-content/themes/unisson-disability/inc/class.walker.php(400): Walker->display_element(Object(WP_Post), Array, 0, 1, Array, '<li id="menu-it...')
#2 /Users/sunil/Sites/unissondisability-woo/wp-includes/class-wp-walker.php(158): wp_bootstrap_navwalker->display_element(Object(WP_Post), Array, 0, 1, Array, '<li id="menu-it...')
#3 /Users/sunil/Sites/unissondisability-woo/wp-content/themes/unisson-disability/inc/class.walker.php(400): Walker->display_element(Object(WP_Post), Array, 0, 0, Array, '<li id="menu-it...')
#4 /Users/sunil/Sites/unissondisability-woo/wp-includes/class-wp-walker.php(246): wp_bootstrap_navwalker- in /Users/sunil/Sites/unissondisability-woo/wp-content/themes/unisson-disability/inc/class.walker.php on line 315

2022-05-18T07:12:03+00:00 CRITICAL require(): Failed opening required '/Users/sunil/Sites/unissondisability-woo/wp-content/themes/unisson-disability/inc/woocommerce-class.php' (include_path='.:/opt/homebrew/Cellar/php@7.4/7.4.27/share/php@7.4/pear') in /Users/sunil/Sites/unissondisability-woo/wp-content/themes/unisson-disability/functions.php on line 223

2022-05-18T07:12:03+00:00 CRITICAL require(): Failed opening required '/Users/sunil/Sites/unissondisability-woo/wp-content/themes/unisson-disability/inc/woocommerce-class.php' (include_path='.:/opt/homebrew/Cellar/php@7.4/7.4.27/share/php@7.4/pear') in /Users/sunil/Sites/unissondisability-woo/wp-content/themes/unisson-disability/functions.php on line 223

2022-05-18T07:12:11+00:00 CRITICAL require(): Failed opening required '/Users/sunil/Sites/unissondisability-woo/wp-content/themes/unisson-disability/inc/woocommerce-class.php' (include_path='.:/opt/homebrew/Cellar/php@7.4/7.4.27/share/php@7.4/pear') in /Users/sunil/Sites/unissondisability-woo/wp-content/themes/unisson-disability/functions.php on line 223

2022-05-18T07:12:11+00:00 CRITICAL require(): Failed opening required '/Users/sunil/Sites/unissondisability-woo/wp-content/themes/unisson-disability/inc/woocommerce-class.php' (include_path='.:/opt/homebrew/Cellar/php@7.4/7.4.27/share/php@7.4/pear') in /Users/sunil/Sites/unissondisability-woo/wp-content/themes/unisson-disability/functions.php on line 223

2022-05-18T07:12:11+00:00 CRITICAL require(): Failed opening required '/Users/sunil/Sites/unissondisability-woo/wp-content/themes/unisson-disability/inc/woocommerce-class.php' (include_path='.:/opt/homebrew/Cellar/php@7.4/7.4.27/share/php@7.4/pear') in /Users/sunil/Sites/unissondisability-woo/wp-content/themes/unisson-disability/functions.php on line 223

2022-05-18T07:12:11+00:00 CRITICAL require(): Failed opening required '/Users/sunil/Sites/unissondisability-woo/wp-content/themes/unisson-disability/inc/woocommerce-class.php' (include_path='.:/opt/homebrew/Cellar/php@7.4/7.4.27/share/php@7.4/pear') in /Users/sunil/Sites/unissondisability-woo/wp-content/themes/unisson-disability/functions.php on line 223

2022-05-18T07:12:33+00:00 CRITICAL require(): Failed opening required '/Users/sunil/Sites/unissondisability-woo/wp-content/themes/unisson-disability/inc/woocommerce-class.php' (include_path='.:/opt/homebrew/Cellar/php@7.4/7.4.27/share/php@7.4/pear') in /Users/sunil/Sites/unissondisability-woo/wp-content/themes/unisson-disability/functions.php on line 223

2022-05-18T07:12:33+00:00 CRITICAL require(): Failed opening required '/Users/sunil/Sites/unissondisability-woo/wp-content/themes/unisson-disability/inc/woocommerce-class.php' (include_path='.:/opt/homebrew/Cellar/php@7.4/7.4.27/share/php@7.4/pear') in /Users/sunil/Sites/unissondisability-woo/wp-content/themes/unisson-disability/functions.php on line 223

2022-05-18T07:12:33+00:00 CRITICAL require(): Failed opening required '/Users/sunil/Sites/unissondisability-woo/wp-content/themes/unisson-disability/inc/woocommerce-class.php' (include_path='.:/opt/homebrew/Cellar/php@7.4/7.4.27/share/php@7.4/pear') in /Users/sunil/Sites/unissondisability-woo/wp-content/themes/unisson-disability/functions.php on line 223

2022-05-18T07:12:33+00:00 CRITICAL require(): Failed opening required '/Users/sunil/Sites/unissondisability-woo/wp-content/themes/unisson-disability/inc/woocommerce-class.php' (include_path='.:/opt/homebrew/Cellar/php@7.4/7.4.27/share/php@7.4/pear') in /Users/sunil/Sites/unissondisability-woo/wp-content/themes/unisson-disability/functions.php on line 223

2022-05-18T07:14:08+00:00 CRITICAL require(): Failed opening required '/Users/sunil/Sites/unissondisability-woo/wp-content/themes/unisson-disability/inc/woocommerce-class.php' (include_path='.:/opt/homebrew/Cellar/php@7.4/7.4.27/share/php@7.4/pear') in /Users/sunil/Sites/unissondisability-woo/wp-content/themes/unisson-disability/functions.php on line 223

2022-05-18T07:14:27+00:00 CRITICAL require(): Failed opening required '/Users/sunil/Sites/unissondisability-woo/wp-content/themes/unisson-disability/inc/woocommerce-class.php' (include_path='.:/opt/homebrew/Cellar/php@7.4/7.4.27/share/php@7.4/pear') in /Users/sunil/Sites/unissondisability-woo/wp-content/themes/unisson-disability/functions.php on line 223

2022-05-18T07:14:27+00:00 CRITICAL require(): Failed opening required '/Users/sunil/Sites/unissondisability-woo/wp-content/themes/unisson-disability/inc/woocommerce-class.php' (include_path='.:/opt/homebrew/Cellar/php@7.4/7.4.27/share/php@7.4/pear') in /Users/sunil/Sites/unissondisability-woo/wp-content/themes/unisson-disability/functions.php on line 223

2022-05-18T07:14:28+00:00 CRITICAL require(): Failed opening required '/Users/sunil/Sites/unissondisability-woo/wp-content/themes/unisson-disability/inc/woocommerce-class.php' (include_path='.:/opt/homebrew/Cellar/php@7.4/7.4.27/share/php@7.4/pear') in /Users/sunil/Sites/unissondisability-woo/wp-content/themes/unisson-disability/functions.php on line 223

2022-05-18T07:14:28+00:00 CRITICAL require(): Failed opening required '/Users/sunil/Sites/unissondisability-woo/wp-content/themes/unisson-disability/inc/woocommerce-class.php' (include_path='.:/opt/homebrew/Cellar/php@7.4/7.4.27/share/php@7.4/pear') in /Users/sunil/Sites/unissondisability-woo/wp-content/themes/unisson-disability/functions.php on line 223

2022-05-18T07:14:29+00:00 CRITICAL require(): Failed opening required '/Users/sunil/Sites/unissondisability-woo/wp-content/themes/unisson-disability/inc/woocommerce-class.php' (include_path='.:/opt/homebrew/Cellar/php@7.4/7.4.27/share/php@7.4/pear') in /Users/sunil/Sites/unissondisability-woo/wp-content/themes/unisson-disability/functions.php on line 223

2022-05-18T07:14:29+00:00 CRITICAL require(): Failed opening required '/Users/sunil/Sites/unissondisability-woo/wp-content/themes/unisson-disability/inc/woocommerce-class.php' (include_path='.:/opt/homebrew/Cellar/php@7.4/7.4.27/share/php@7.4/pear') in /Users/sunil/Sites/unissondisability-woo/wp-content/themes/unisson-disability/functions.php on line 223

2022-05-18T07:14:29+00:00 CRITICAL require(): Failed opening required '/Users/sunil/Sites/unissondisability-woo/wp-content/themes/unisson-disability/inc/woocommerce-class.php' (include_path='.:/opt/homebrew/Cellar/php@7.4/7.4.27/share/php@7.4/pear') in /Users/sunil/Sites/unissondisability-woo/wp-content/themes/unisson-disability/functions.php on line 223

2022-05-18T07:14:29+00:00 CRITICAL require(): Failed opening required '/Users/sunil/Sites/unissondisability-woo/wp-content/themes/unisson-disability/inc/woocommerce-class.php' (include_path='.:/opt/homebrew/Cellar/php@7.4/7.4.27/share/php@7.4/pear') in /Users/sunil/Sites/unissondisability-woo/wp-content/themes/unisson-disability/functions.php on line 223

2022-05-18T07:14:47+00:00 CRITICAL require(): Failed opening required '/Users/sunil/Sites/unissondisability-woo/wp-content/themes/unisson-disability/inc/woocommerce-class.php' (include_path='.:/opt/homebrew/Cellar/php@7.4/7.4.27/share/php@7.4/pear') in /Users/sunil/Sites/unissondisability-woo/wp-content/themes/unisson-disability/functions.php on line 218

2022-05-18T07:14:47+00:00 CRITICAL require(): Failed opening required '/Users/sunil/Sites/unissondisability-woo/wp-content/themes/unisson-disability/inc/woocommerce-class.php' (include_path='.:/opt/homebrew/Cellar/php@7.4/7.4.27/share/php@7.4/pear') in /Users/sunil/Sites/unissondisability-woo/wp-content/themes/unisson-disability/functions.php on line 218

2022-05-18T07:14:47+00:00 CRITICAL require(): Failed opening required '/Users/sunil/Sites/unissondisability-woo/wp-content/themes/unisson-disability/inc/woocommerce-class.php' (include_path='.:/opt/homebrew/Cellar/php@7.4/7.4.27/share/php@7.4/pear') in /Users/sunil/Sites/unissondisability-woo/wp-content/themes/unisson-disability/functions.php on line 218

2022-05-18T07:14:47+00:00 CRITICAL require(): Failed opening required '/Users/sunil/Sites/unissondisability-woo/wp-content/themes/unisson-disability/inc/woocommerce-class.php' (include_path='.:/opt/homebrew/Cellar/php@7.4/7.4.27/share/php@7.4/pear') in /Users/sunil/Sites/unissondisability-woo/wp-content/themes/unisson-disability/functions.php on line 218

2022-05-18T07:14:48+00:00 CRITICAL require(): Failed opening required '/Users/sunil/Sites/unissondisability-woo/wp-content/themes/unisson-disability/inc/woocommerce-class.php' (include_path='.:/opt/homebrew/Cellar/php@7.4/7.4.27/share/php@7.4/pear') in /Users/sunil/Sites/unissondisability-woo/wp-content/themes/unisson-disability/functions.php on line 218

2022-05-18T07:14:48+00:00 CRITICAL require(): Failed opening required '/Users/sunil/Sites/unissondisability-woo/wp-content/themes/unisson-disability/inc/woocommerce-class.php' (include_path='.:/opt/homebrew/Cellar/php@7.4/7.4.27/share/php@7.4/pear') in /Users/sunil/Sites/unissondisability-woo/wp-content/themes/unisson-disability/functions.php on line 218

2022-05-18T07:14:48+00:00 CRITICAL require(): Failed opening required '/Users/sunil/Sites/unissondisability-woo/wp-content/themes/unisson-disability/inc/woocommerce-class.php' (include_path='.:/opt/homebrew/Cellar/php@7.4/7.4.27/share/php@7.4/pear') in /Users/sunil/Sites/unissondisability-woo/wp-content/themes/unisson-disability/functions.php on line 218

2022-05-18T07:14:48+00:00 CRITICAL require(): Failed opening required '/Users/sunil/Sites/unissondisability-woo/wp-content/themes/unisson-disability/inc/woocommerce-class.php' (include_path='.:/opt/homebrew/Cellar/php@7.4/7.4.27/share/php@7.4/pear') in /Users/sunil/Sites/unissondisability-woo/wp-content/themes/unisson-disability/functions.php on line 218

2022-05-18T07:14:48+00:00 CRITICAL require(): Failed opening required '/Users/sunil/Sites/unissondisability-woo/wp-content/themes/unisson-disability/inc/woocommerce-class.php' (include_path='.:/opt/homebrew/Cellar/php@7.4/7.4.27/share/php@7.4/pear') in /Users/sunil/Sites/unissondisability-woo/wp-content/themes/unisson-disability/functions.php on line 218

2022-05-18T07:14:48+00:00 CRITICAL require(): Failed opening required '/Users/sunil/Sites/unissondisability-woo/wp-content/themes/unisson-disability/inc/woocommerce-class.php' (include_path='.:/opt/homebrew/Cellar/php@7.4/7.4.27/share/php@7.4/pear') in /Users/sunil/Sites/unissondisability-woo/wp-content/themes/unisson-disability/functions.php on line 218

2022-05-18T07:14:48+00:00 CRITICAL require(): Failed opening required '/Users/sunil/Sites/unissondisability-woo/wp-content/themes/unisson-disability/inc/woocommerce-class.php' (include_path='.:/opt/homebrew/Cellar/php@7.4/7.4.27/share/php@7.4/pear') in /Users/sunil/Sites/unissondisability-woo/wp-content/themes/unisson-disability/functions.php on line 218

2022-05-18T07:14:48+00:00 CRITICAL require(): Failed opening required '/Users/sunil/Sites/unissondisability-woo/wp-content/themes/unisson-disability/inc/woocommerce-class.php' (include_path='.:/opt/homebrew/Cellar/php@7.4/7.4.27/share/php@7.4/pear') in /Users/sunil/Sites/unissondisability-woo/wp-content/themes/unisson-disability/functions.php on line 218

