2022-06-10T01:44:06+00:00 CRITICAL Uncaught Error: Call to a member function get_product_id() on null in /Users/sunil/Sites/unissondisability-woo/wp-content/themes/unisson-disability/woocommerce/content-single-product.php:38
Stack trace:
#0 /Users/sunil/Sites/unissondisability-woo/wp-includes/template.php(772): require()
#1 /Users/sunil/Sites/unissondisability-woo/wp-content/plugins/woocommerce/includes/wc-core-functions.php(284): load_template('/Users/sunil/Si...', false)
#2 /Users/sunil/Sites/unissondisability-woo/wp-content/themes/unisson-disability/woocommerce/single-product.php(45): wc_get_template_part('content', 'single-product')
#3 /Users/sunil/Sites/unissondisability-woo/wp-includes/template-loader.php(106): include('/Users/sunil/Si...')
#4 /Users/sunil/Sites/unissondisability-woo/wp-blog-header.php(19): require_once('/Users/sunil/Si...')
#5 /Users/sunil/Sites/unissondisability-woo/index.php(17): require('/Users/sunil/Si...')
#6 {main}
  thrown in /Users/sunil/Sites/unissondisability-woo/wp-content/themes/unisson-disability/woocommerce/content-single-product.php on line 38

2022-06-10T01:45:12+00:00 CRITICAL Uncaught Error: Call to a member function get_product_id() on null in /Users/sunil/Sites/unissondisability-woo/wp-content/themes/unisson-disability/woocommerce/content-single-product.php:82
Stack trace:
#0 /Users/sunil/Sites/unissondisability-woo/wp-includes/template.php(772): require()
#1 /Users/sunil/Sites/unissondisability-woo/wp-content/plugins/woocommerce/includes/wc-core-functions.php(284): load_template('/Users/sunil/Si...', false)
#2 /Users/sunil/Sites/unissondisability-woo/wp-content/themes/unisson-disability/woocommerce/single-product.php(45): wc_get_template_part('content', 'single-product')
#3 /Users/sunil/Sites/unissondisability-woo/wp-includes/template-loader.php(106): include('/Users/sunil/Si...')
#4 /Users/sunil/Sites/unissondisability-woo/wp-blog-header.php(19): require_once('/Users/sunil/Si...')
#5 /Users/sunil/Sites/unissondisability-woo/index.php(17): require('/Users/sunil/Si...')
#6 {main}
  thrown in /Users/sunil/Sites/unissondisability-woo/wp-content/themes/unisson-disability/woocommerce/content-single-product.php on line 82

2022-06-10T01:53:40+00:00 CRITICAL Uncaught Error: Call to a member function get_product_id() on null in /Users/sunil/Sites/unissondisability-woo/wp-content/themes/unisson-disability/woocommerce/content-single-product.php:81
Stack trace:
#0 /Users/sunil/Sites/unissondisability-woo/wp-includes/template.php(772): require()
#1 /Users/sunil/Sites/unissondisability-woo/wp-content/plugins/woocommerce/includes/wc-core-functions.php(284): load_template('/Users/sunil/Si...', false)
#2 /Users/sunil/Sites/unissondisability-woo/wp-content/themes/unisson-disability/woocommerce/single-product.php(45): wc_get_template_part('content', 'single-product')
#3 /Users/sunil/Sites/unissondisability-woo/wp-includes/template-loader.php(106): include('/Users/sunil/Si...')
#4 /Users/sunil/Sites/unissondisability-woo/wp-blog-header.php(19): require_once('/Users/sunil/Si...')
#5 /Users/sunil/Sites/unissondisability-woo/index.php(17): require('/Users/sunil/Si...')
#6 {main}
  thrown in /Users/sunil/Sites/unissondisability-woo/wp-content/themes/unisson-disability/woocommerce/content-single-product.php on line 81

2022-06-10T01:53:44+00:00 CRITICAL Uncaught Error: Call to a member function get_product_id() on null in /Users/sunil/Sites/unissondisability-woo/wp-content/themes/unisson-disability/woocommerce/content-single-product.php:81
Stack trace:
#0 /Users/sunil/Sites/unissondisability-woo/wp-includes/template.php(772): require()
#1 /Users/sunil/Sites/unissondisability-woo/wp-content/plugins/woocommerce/includes/wc-core-functions.php(284): load_template('/Users/sunil/Si...', false)
#2 /Users/sunil/Sites/unissondisability-woo/wp-content/themes/unisson-disability/woocommerce/single-product.php(45): wc_get_template_part('content', 'single-product')
#3 /Users/sunil/Sites/unissondisability-woo/wp-includes/template-loader.php(106): include('/Users/sunil/Si...')
#4 /Users/sunil/Sites/unissondisability-woo/wp-blog-header.php(19): require_once('/Users/sunil/Si...')
#5 /Users/sunil/Sites/unissondisability-woo/index.php(17): require('/Users/sunil/Si...')
#6 {main}
  thrown in /Users/sunil/Sites/unissondisability-woo/wp-content/themes/unisson-disability/woocommerce/content-single-product.php on line 81

2022-06-10T01:58:58+00:00 CRITICAL Uncaught Error: Call to a member function get_product_id() on null in /Users/sunil/Sites/unissondisability-woo/wp-content/themes/unisson-disability/woocommerce/content-single-product.php:83
Stack trace:
#0 /Users/sunil/Sites/unissondisability-woo/wp-includes/template.php(772): require()
#1 /Users/sunil/Sites/unissondisability-woo/wp-content/plugins/woocommerce/includes/wc-core-functions.php(284): load_template('/Users/sunil/Si...', false)
#2 /Users/sunil/Sites/unissondisability-woo/wp-content/themes/unisson-disability/woocommerce/single-product.php(45): wc_get_template_part('content', 'single-product')
#3 /Users/sunil/Sites/unissondisability-woo/wp-includes/template-loader.php(106): include('/Users/sunil/Si...')
#4 /Users/sunil/Sites/unissondisability-woo/wp-blog-header.php(19): require_once('/Users/sunil/Si...')
#5 /Users/sunil/Sites/unissondisability-woo/index.php(17): require('/Users/sunil/Si...')
#6 {main}
  thrown in /Users/sunil/Sites/unissondisability-woo/wp-content/themes/unisson-disability/woocommerce/content-single-product.php on line 83

2022-06-10T02:07:27+00:00 CRITICAL Uncaught Error: Object of class WP_Error could not be converted to string in /Users/sunil/Sites/unissondisability-woo/wp-content/themes/unisson-disability/woocommerce/content-single-product.php:94
Stack trace:
#0 /Users/sunil/Sites/unissondisability-woo/wp-includes/template.php(772): require()
#1 /Users/sunil/Sites/unissondisability-woo/wp-content/plugins/woocommerce/includes/wc-core-functions.php(284): load_template('/Users/sunil/Si...', false)
#2 /Users/sunil/Sites/unissondisability-woo/wp-content/themes/unisson-disability/woocommerce/single-product.php(45): wc_get_template_part('content', 'single-product')
#3 /Users/sunil/Sites/unissondisability-woo/wp-includes/template-loader.php(106): include('/Users/sunil/Si...')
#4 /Users/sunil/Sites/unissondisability-woo/wp-blog-header.php(19): require_once('/Users/sunil/Si...')
#5 /Users/sunil/Sites/unissondisability-woo/index.php(17): require('/Users/sunil/Si...')
#6 {main}
  thrown in /Users/sunil/Sites/unissondisability-woo/wp-content/themes/unisson-disability/woocommerce/content-single-product.php on line 94

2022-06-10T02:26:26+00:00 CRITICAL Uncaught Error: Object of class WP_Error could not be converted to string in /Users/sunil/Sites/unissondisability-woo/wp-content/themes/unisson-disability/woocommerce/content-single-product.php:84
Stack trace:
#0 /Users/sunil/Sites/unissondisability-woo/wp-includes/template.php(772): require()
#1 /Users/sunil/Sites/unissondisability-woo/wp-content/plugins/woocommerce/includes/wc-core-functions.php(284): load_template('/Users/sunil/Si...', false)
#2 /Users/sunil/Sites/unissondisability-woo/wp-content/themes/unisson-disability/woocommerce/single-product.php(45): wc_get_template_part('content', 'single-product')
#3 /Users/sunil/Sites/unissondisability-woo/wp-includes/template-loader.php(106): include('/Users/sunil/Si...')
#4 /Users/sunil/Sites/unissondisability-woo/wp-blog-header.php(19): require_once('/Users/sunil/Si...')
#5 /Users/sunil/Sites/unissondisability-woo/index.php(17): require('/Users/sunil/Si...')
#6 {main}
  thrown in /Users/sunil/Sites/unissondisability-woo/wp-content/themes/unisson-disability/woocommerce/content-single-product.php on line 84

