2022-06-23T01:38:48+00:00 CRITICAL Uncaught Error: Call to undefined function ic_custom_posts_pagination() in /Users/sunil/Sites/unissondisability-woo/wp-content/themes/unisson-disability/template-parts/block/content-shop-module-ajax.php:324
Stack trace:
#0 /Users/sunil/Sites/unissondisability-woo/wp-content/themes/unisson-disability/inc/register-module.php(149): include()
#1 /Users/sunil/Sites/unissondisability-woo/wp-content/plugins/advanced-custom-fields-pro/pro/blocks.php(424): aipm_acf_module_template_block_render_callback(Array, '', false, 168, Object(WP_Block), Array)
#2 /Users/sunil/Sites/unissondisability-woo/wp-content/plugins/advanced-custom-fields-pro/pro/blocks.php(367): acf_render_block(Array, '', false, 168, Object(WP_Block), Array)
#3 /Users/sunil/Sites/unissondisability-woo/wp-content/plugins/advanced-custom-fields-pro/pro/blocks.php(328): acf_rendered_block(Array, '', false, 168, Object(WP_Block))
#4 /Users/sunil/Sites/unissondisability-woo/wp-includes/class-wp-block.php(255): acf_render_block_callback(Array, '', Object(WP_Bl in /Users/sunil/Sites/unissondisability-woo/wp-content/themes/unisson-disability/template-parts/block/content-shop-module-ajax.php on line 324

2022-06-23T01:39:54+00:00 CRITICAL Uncaught Error: Call to undefined function ic_custom_posts_pagination() in /Users/sunil/Sites/unissondisability-woo/wp-content/themes/unisson-disability/template-parts/block/content-shop-module-ajax.php:324
Stack trace:
#0 /Users/sunil/Sites/unissondisability-woo/wp-content/themes/unisson-disability/inc/register-module.php(149): include()
#1 /Users/sunil/Sites/unissondisability-woo/wp-content/plugins/advanced-custom-fields-pro/pro/blocks.php(424): aipm_acf_module_template_block_render_callback(Array, '', false, 168, Object(WP_Block), Array)
#2 /Users/sunil/Sites/unissondisability-woo/wp-content/plugins/advanced-custom-fields-pro/pro/blocks.php(367): acf_render_block(Array, '', false, 168, Object(WP_Block), Array)
#3 /Users/sunil/Sites/unissondisability-woo/wp-content/plugins/advanced-custom-fields-pro/pro/blocks.php(328): acf_rendered_block(Array, '', false, 168, Object(WP_Block))
#4 /Users/sunil/Sites/unissondisability-woo/wp-includes/class-wp-block.php(255): acf_render_block_callback(Array, '', Object(WP_Bl in /Users/sunil/Sites/unissondisability-woo/wp-content/themes/unisson-disability/template-parts/block/content-shop-module-ajax.php on line 324

2022-06-23T04:37:16+00:00 CRITICAL syntax error, unexpected ''pager'' (T_CONSTANT_ENCAPSED_STRING), expecting ')' in /Users/sunil/Sites/unissondisability-woo/wp-content/themes/unisson-disability/functions.php on line 379

2022-06-23T06:01:08+00:00 CRITICAL Uncaught Error: Call to undefined function ic_custom_posts_pagination() in /Users/sunil/Sites/unissondisability-woo/wp-content/themes/unisson-disability/template-parts/block/content-shop-module-ajax.php:315
Stack trace:
#0 /Users/sunil/Sites/unissondisability-woo/wp-content/themes/unisson-disability/inc/register-module.php(149): include()
#1 /Users/sunil/Sites/unissondisability-woo/wp-content/plugins/advanced-custom-fields-pro/pro/blocks.php(424): aipm_acf_module_template_block_render_callback(Array, '', false, 168, Object(WP_Block), Array)
#2 /Users/sunil/Sites/unissondisability-woo/wp-content/plugins/advanced-custom-fields-pro/pro/blocks.php(367): acf_render_block(Array, '', false, 168, Object(WP_Block), Array)
#3 /Users/sunil/Sites/unissondisability-woo/wp-content/plugins/advanced-custom-fields-pro/pro/blocks.php(328): acf_rendered_block(Array, '', false, 168, Object(WP_Block))
#4 /Users/sunil/Sites/unissondisability-woo/wp-includes/class-wp-block.php(255): acf_render_block_callback(Array, '', Object(WP_Bl in /Users/sunil/Sites/unissondisability-woo/wp-content/themes/unisson-disability/template-parts/block/content-shop-module-ajax.php on line 315

2022-06-23T06:01:27+00:00 CRITICAL Uncaught Error: Call to undefined function ic_custom_posts_pagination() in /Users/sunil/Sites/unissondisability-woo/wp-content/themes/unisson-disability/template-parts/block/content-shop-module-ajax.php:315
Stack trace:
#0 /Users/sunil/Sites/unissondisability-woo/wp-content/themes/unisson-disability/inc/register-module.php(149): include()
#1 /Users/sunil/Sites/unissondisability-woo/wp-content/plugins/advanced-custom-fields-pro/pro/blocks.php(424): aipm_acf_module_template_block_render_callback(Array, '', false, 168, Object(WP_Block), Array)
#2 /Users/sunil/Sites/unissondisability-woo/wp-content/plugins/advanced-custom-fields-pro/pro/blocks.php(367): acf_render_block(Array, '', false, 168, Object(WP_Block), Array)
#3 /Users/sunil/Sites/unissondisability-woo/wp-content/plugins/advanced-custom-fields-pro/pro/blocks.php(328): acf_rendered_block(Array, '', false, 168, Object(WP_Block))
#4 /Users/sunil/Sites/unissondisability-woo/wp-includes/class-wp-block.php(255): acf_render_block_callback(Array, '', Object(WP_Bl in /Users/sunil/Sites/unissondisability-woo/wp-content/themes/unisson-disability/template-parts/block/content-shop-module-ajax.php on line 315

2022-06-23T06:02:14+00:00 CRITICAL Uncaught Error: Call to undefined function ic_custom_posts_pagination() in /Users/sunil/Sites/unissondisability-woo/wp-content/themes/unisson-disability/template-parts/block/content-shop-module-ajax.php:315
Stack trace:
#0 /Users/sunil/Sites/unissondisability-woo/wp-content/themes/unisson-disability/inc/register-module.php(149): include()
#1 /Users/sunil/Sites/unissondisability-woo/wp-content/plugins/advanced-custom-fields-pro/pro/blocks.php(424): aipm_acf_module_template_block_render_callback(Array, '', false, 168, Object(WP_Block), Array)
#2 /Users/sunil/Sites/unissondisability-woo/wp-content/plugins/advanced-custom-fields-pro/pro/blocks.php(367): acf_render_block(Array, '', false, 168, Object(WP_Block), Array)
#3 /Users/sunil/Sites/unissondisability-woo/wp-content/plugins/advanced-custom-fields-pro/pro/blocks.php(328): acf_rendered_block(Array, '', false, 168, Object(WP_Block))
#4 /Users/sunil/Sites/unissondisability-woo/wp-includes/class-wp-block.php(255): acf_render_block_callback(Array, '', Object(WP_Bl in /Users/sunil/Sites/unissondisability-woo/wp-content/themes/unisson-disability/template-parts/block/content-shop-module-ajax.php on line 315

2022-06-23T06:08:07+00:00 CRITICAL syntax error, unexpected '}', expecting elseif (T_ELSEIF) or else (T_ELSE) or endif (T_ENDIF) in /Users/sunil/Sites/unissondisability-woo/wp-content/themes/unisson-disability/inc/filter.php on line 200

2022-06-23T06:08:08+00:00 CRITICAL syntax error, unexpected '}', expecting elseif (T_ELSEIF) or else (T_ELSE) or endif (T_ENDIF) in /Users/sunil/Sites/unissondisability-woo/wp-content/themes/unisson-disability/inc/filter.php on line 200

2022-06-23T06:10:58+00:00 CRITICAL Uncaught Error: Call to undefined function ic_custom_posts_pagination() in /Users/sunil/Sites/unissondisability-woo/wp-content/themes/unisson-disability/template-parts/block/content-shop-module-ajax.php:315
Stack trace:
#0 /Users/sunil/Sites/unissondisability-woo/wp-content/themes/unisson-disability/inc/register-module.php(149): include()
#1 /Users/sunil/Sites/unissondisability-woo/wp-content/plugins/advanced-custom-fields-pro/pro/blocks.php(424): aipm_acf_module_template_block_render_callback(Array, '', false, 168, Object(WP_Block), Array)
#2 /Users/sunil/Sites/unissondisability-woo/wp-content/plugins/advanced-custom-fields-pro/pro/blocks.php(367): acf_render_block(Array, '', false, 168, Object(WP_Block), Array)
#3 /Users/sunil/Sites/unissondisability-woo/wp-content/plugins/advanced-custom-fields-pro/pro/blocks.php(328): acf_rendered_block(Array, '', false, 168, Object(WP_Block))
#4 /Users/sunil/Sites/unissondisability-woo/wp-includes/class-wp-block.php(255): acf_render_block_callback(Array, '', Object(WP_Bl in /Users/sunil/Sites/unissondisability-woo/wp-content/themes/unisson-disability/template-parts/block/content-shop-module-ajax.php on line 315

2022-06-23T06:11:38+00:00 CRITICAL Uncaught Error: Call to undefined function ic_custom_posts_pagination() in /Users/sunil/Sites/unissondisability-woo/wp-content/themes/unisson-disability/template-parts/block/content-shop-module-ajax.php:315
Stack trace:
#0 /Users/sunil/Sites/unissondisability-woo/wp-content/themes/unisson-disability/inc/register-module.php(149): include()
#1 /Users/sunil/Sites/unissondisability-woo/wp-content/plugins/advanced-custom-fields-pro/pro/blocks.php(424): aipm_acf_module_template_block_render_callback(Array, '', false, 168, Object(WP_Block), Array)
#2 /Users/sunil/Sites/unissondisability-woo/wp-content/plugins/advanced-custom-fields-pro/pro/blocks.php(367): acf_render_block(Array, '', false, 168, Object(WP_Block), Array)
#3 /Users/sunil/Sites/unissondisability-woo/wp-content/plugins/advanced-custom-fields-pro/pro/blocks.php(328): acf_rendered_block(Array, '', false, 168, Object(WP_Block))
#4 /Users/sunil/Sites/unissondisability-woo/wp-includes/class-wp-block.php(255): acf_render_block_callback(Array, '', Object(WP_Bl in /Users/sunil/Sites/unissondisability-woo/wp-content/themes/unisson-disability/template-parts/block/content-shop-module-ajax.php on line 315

2022-06-23T06:11:48+00:00 CRITICAL Uncaught Error: Call to undefined function ic_custom_posts_pagination() in /Users/sunil/Sites/unissondisability-woo/wp-content/themes/unisson-disability/template-parts/block/content-shop-module-ajax.php:315
Stack trace:
#0 /Users/sunil/Sites/unissondisability-woo/wp-content/themes/unisson-disability/inc/register-module.php(149): include()
#1 /Users/sunil/Sites/unissondisability-woo/wp-content/plugins/advanced-custom-fields-pro/pro/blocks.php(424): aipm_acf_module_template_block_render_callback(Array, '', false, 168, Object(WP_Block), Array)
#2 /Users/sunil/Sites/unissondisability-woo/wp-content/plugins/advanced-custom-fields-pro/pro/blocks.php(367): acf_render_block(Array, '', false, 168, Object(WP_Block), Array)
#3 /Users/sunil/Sites/unissondisability-woo/wp-content/plugins/advanced-custom-fields-pro/pro/blocks.php(328): acf_rendered_block(Array, '', false, 168, Object(WP_Block))
#4 /Users/sunil/Sites/unissondisability-woo/wp-includes/class-wp-block.php(255): acf_render_block_callback(Array, '', Object(WP_Bl in /Users/sunil/Sites/unissondisability-woo/wp-content/themes/unisson-disability/template-parts/block/content-shop-module-ajax.php on line 315

2022-06-23T06:12:02+00:00 CRITICAL Uncaught Error: Call to undefined function ic_custom_posts_pagination() in /Users/sunil/Sites/unissondisability-woo/wp-content/themes/unisson-disability/template-parts/block/content-shop-module-ajax.php:315
Stack trace:
#0 /Users/sunil/Sites/unissondisability-woo/wp-content/themes/unisson-disability/inc/register-module.php(149): include()
#1 /Users/sunil/Sites/unissondisability-woo/wp-content/plugins/advanced-custom-fields-pro/pro/blocks.php(424): aipm_acf_module_template_block_render_callback(Array, '', true, 168, Object(WP_Block), Array)
#2 /Users/sunil/Sites/unissondisability-woo/wp-content/plugins/advanced-custom-fields-pro/pro/blocks.php(367): acf_render_block(Array, '', true, 168, Object(WP_Block), Array)
#3 /Users/sunil/Sites/unissondisability-woo/wp-content/plugins/advanced-custom-fields-pro/pro/blocks.php(328): acf_rendered_block(Array, '', true, 168, Object(WP_Block))
#4 /Users/sunil/Sites/unissondisability-woo/wp-includes/class-wp-block.php(255): acf_render_block_callback(Array, '', Object(WP_Block in /Users/sunil/Sites/unissondisability-woo/wp-content/themes/unisson-disability/template-parts/block/content-shop-module-ajax.php on line 315

2022-06-23T06:12:28+00:00 CRITICAL Uncaught Error: Call to undefined function ic_custom_posts_pagination() in /Users/sunil/Sites/unissondisability-woo/wp-content/themes/unisson-disability/template-parts/block/content-shop-module-ajax.php:315
Stack trace:
#0 /Users/sunil/Sites/unissondisability-woo/wp-content/themes/unisson-disability/inc/register-module.php(149): include()
#1 /Users/sunil/Sites/unissondisability-woo/wp-content/plugins/advanced-custom-fields-pro/pro/blocks.php(424): aipm_acf_module_template_block_render_callback(Array, '', true, 168, Object(WP_Block), Array)
#2 /Users/sunil/Sites/unissondisability-woo/wp-content/plugins/advanced-custom-fields-pro/pro/blocks.php(367): acf_render_block(Array, '', true, 168, Object(WP_Block), Array)
#3 /Users/sunil/Sites/unissondisability-woo/wp-content/plugins/advanced-custom-fields-pro/pro/blocks.php(328): acf_rendered_block(Array, '', true, 168, Object(WP_Block))
#4 /Users/sunil/Sites/unissondisability-woo/wp-includes/class-wp-block.php(255): acf_render_block_callback(Array, '', Object(WP_Block in /Users/sunil/Sites/unissondisability-woo/wp-content/themes/unisson-disability/template-parts/block/content-shop-module-ajax.php on line 315

2022-06-23T06:12:47+00:00 CRITICAL Uncaught Error: Call to undefined function ic_custom_posts_pagination() in /Users/sunil/Sites/unissondisability-woo/wp-content/themes/unisson-disability/template-parts/block/content-shop-module-ajax.php:315
Stack trace:
#0 /Users/sunil/Sites/unissondisability-woo/wp-content/themes/unisson-disability/inc/register-module.php(149): include()
#1 /Users/sunil/Sites/unissondisability-woo/wp-content/plugins/advanced-custom-fields-pro/pro/blocks.php(424): aipm_acf_module_template_block_render_callback(Array, '', true, 168, Object(WP_Block), Array)
#2 /Users/sunil/Sites/unissondisability-woo/wp-content/plugins/advanced-custom-fields-pro/pro/blocks.php(367): acf_render_block(Array, '', true, 168, Object(WP_Block), Array)
#3 /Users/sunil/Sites/unissondisability-woo/wp-content/plugins/advanced-custom-fields-pro/pro/blocks.php(328): acf_rendered_block(Array, '', true, 168, Object(WP_Block))
#4 /Users/sunil/Sites/unissondisability-woo/wp-includes/class-wp-block.php(255): acf_render_block_callback(Array, '', Object(WP_Block in /Users/sunil/Sites/unissondisability-woo/wp-content/themes/unisson-disability/template-parts/block/content-shop-module-ajax.php on line 315

2022-06-23T06:16:14+00:00 CRITICAL Uncaught Error: Call to undefined function vb_ajax_pager() in /Users/sunil/Sites/unissondisability-woo/wp-content/themes/unisson-disability/inc/filter.php:188
Stack trace:
#0 /Users/sunil/Sites/unissondisability-woo/wp-includes/class-wp-hook.php(307): filter_ajax('')
#1 /Users/sunil/Sites/unissondisability-woo/wp-includes/class-wp-hook.php(331): WP_Hook->apply_filters('', Array)
#2 /Users/sunil/Sites/unissondisability-woo/wp-includes/plugin.php(476): WP_Hook->do_action(Array)
#3 /Users/sunil/Sites/unissondisability-woo/wp-admin/admin-ajax.php(187): do_action('wp_ajax_filter')
#4 {main}
  thrown in /Users/sunil/Sites/unissondisability-woo/wp-content/themes/unisson-disability/inc/filter.php on line 188

2022-06-23T06:16:55+00:00 CRITICAL Uncaught Error: Call to undefined function vb_ajax_pager() in /Users/sunil/Sites/unissondisability-woo/wp-content/themes/unisson-disability/inc/filter.php:188
Stack trace:
#0 /Users/sunil/Sites/unissondisability-woo/wp-includes/class-wp-hook.php(307): filter_ajax('')
#1 /Users/sunil/Sites/unissondisability-woo/wp-includes/class-wp-hook.php(331): WP_Hook->apply_filters('', Array)
#2 /Users/sunil/Sites/unissondisability-woo/wp-includes/plugin.php(476): WP_Hook->do_action(Array)
#3 /Users/sunil/Sites/unissondisability-woo/wp-admin/admin-ajax.php(187): do_action('wp_ajax_filter')
#4 {main}
  thrown in /Users/sunil/Sites/unissondisability-woo/wp-content/themes/unisson-disability/inc/filter.php on line 188

2022-06-23T06:16:59+00:00 CRITICAL Uncaught Error: Call to undefined function vb_ajax_pager() in /Users/sunil/Sites/unissondisability-woo/wp-content/themes/unisson-disability/inc/filter.php:188
Stack trace:
#0 /Users/sunil/Sites/unissondisability-woo/wp-includes/class-wp-hook.php(307): filter_ajax('')
#1 /Users/sunil/Sites/unissondisability-woo/wp-includes/class-wp-hook.php(331): WP_Hook->apply_filters('', Array)
#2 /Users/sunil/Sites/unissondisability-woo/wp-includes/plugin.php(476): WP_Hook->do_action(Array)
#3 /Users/sunil/Sites/unissondisability-woo/wp-admin/admin-ajax.php(187): do_action('wp_ajax_filter')
#4 {main}
  thrown in /Users/sunil/Sites/unissondisability-woo/wp-content/themes/unisson-disability/inc/filter.php on line 188

2022-06-23T08:27:48+00:00 CRITICAL require(): Failed opening required '/Users/sunil/Sites/unissondisability-woo/wp-content/themes/unisson-disability/inc/filter-function.php' (include_path='.:/opt/homebrew/Cellar/php@7.4/7.4.27/share/php@7.4/pear') in /Users/sunil/Sites/unissondisability-woo/wp-content/themes/unisson-disability/functions.php on line 264

2022-06-23T08:30:23+00:00 CRITICAL require(): Failed opening required '/Users/sunil/Sites/unissondisability-woo/wp-content/themes/unisson-disability/inc/filter-function.php' (include_path='.:/opt/homebrew/Cellar/php@7.4/7.4.27/share/php@7.4/pear') in /Users/sunil/Sites/unissondisability-woo/wp-content/themes/unisson-disability/functions.php on line 264

2022-06-23T08:30:23+00:00 CRITICAL require(): Failed opening required '/Users/sunil/Sites/unissondisability-woo/wp-content/themes/unisson-disability/inc/filter-function.php' (include_path='.:/opt/homebrew/Cellar/php@7.4/7.4.27/share/php@7.4/pear') in /Users/sunil/Sites/unissondisability-woo/wp-content/themes/unisson-disability/functions.php on line 264

2022-06-23T08:32:24+00:00 CRITICAL require(): Failed opening required '/Users/sunil/Sites/unissondisability-woo/wp-content/themes/unisson-disability/inc/filter-function.php' (include_path='.:/opt/homebrew/Cellar/php@7.4/7.4.27/share/php@7.4/pear') in /Users/sunil/Sites/unissondisability-woo/wp-content/themes/unisson-disability/functions.php on line 264

2022-06-23T08:32:24+00:00 CRITICAL require(): Failed opening required '/Users/sunil/Sites/unissondisability-woo/wp-content/themes/unisson-disability/inc/filter-function.php' (include_path='.:/opt/homebrew/Cellar/php@7.4/7.4.27/share/php@7.4/pear') in /Users/sunil/Sites/unissondisability-woo/wp-content/themes/unisson-disability/functions.php on line 264

2022-06-23T08:33:07+00:00 CRITICAL require(): Failed opening required '/Users/sunil/Sites/unissondisability-woo/wp-content/themes/unisson-disability/inc/filter-function.php' (include_path='.:/opt/homebrew/Cellar/php@7.4/7.4.27/share/php@7.4/pear') in /Users/sunil/Sites/unissondisability-woo/wp-content/themes/unisson-disability/functions.php on line 264

2022-06-23T08:33:07+00:00 CRITICAL require(): Failed opening required '/Users/sunil/Sites/unissondisability-woo/wp-content/themes/unisson-disability/inc/filter-function.php' (include_path='.:/opt/homebrew/Cellar/php@7.4/7.4.27/share/php@7.4/pear') in /Users/sunil/Sites/unissondisability-woo/wp-content/themes/unisson-disability/functions.php on line 264

2022-06-23T08:33:07+00:00 CRITICAL require(): Failed opening required '/Users/sunil/Sites/unissondisability-woo/wp-content/themes/unisson-disability/inc/filter-function.php' (include_path='.:/opt/homebrew/Cellar/php@7.4/7.4.27/share/php@7.4/pear') in /Users/sunil/Sites/unissondisability-woo/wp-content/themes/unisson-disability/functions.php on line 264

2022-06-23T08:33:07+00:00 CRITICAL require(): Failed opening required '/Users/sunil/Sites/unissondisability-woo/wp-content/themes/unisson-disability/inc/filter-function.php' (include_path='.:/opt/homebrew/Cellar/php@7.4/7.4.27/share/php@7.4/pear') in /Users/sunil/Sites/unissondisability-woo/wp-content/themes/unisson-disability/functions.php on line 264

2022-06-23T08:33:11+00:00 CRITICAL require(): Failed opening required '/Users/sunil/Sites/unissondisability-woo/wp-content/themes/unisson-disability/inc/filter-function.php' (include_path='.:/opt/homebrew/Cellar/php@7.4/7.4.27/share/php@7.4/pear') in /Users/sunil/Sites/unissondisability-woo/wp-content/themes/unisson-disability/functions.php on line 264

2022-06-23T08:33:11+00:00 CRITICAL require(): Failed opening required '/Users/sunil/Sites/unissondisability-woo/wp-content/themes/unisson-disability/inc/filter-function.php' (include_path='.:/opt/homebrew/Cellar/php@7.4/7.4.27/share/php@7.4/pear') in /Users/sunil/Sites/unissondisability-woo/wp-content/themes/unisson-disability/functions.php on line 264

2022-06-23T08:33:11+00:00 CRITICAL require(): Failed opening required '/Users/sunil/Sites/unissondisability-woo/wp-content/themes/unisson-disability/inc/filter-function.php' (include_path='.:/opt/homebrew/Cellar/php@7.4/7.4.27/share/php@7.4/pear') in /Users/sunil/Sites/unissondisability-woo/wp-content/themes/unisson-disability/functions.php on line 264

2022-06-23T08:33:11+00:00 CRITICAL require(): Failed opening required '/Users/sunil/Sites/unissondisability-woo/wp-content/themes/unisson-disability/inc/filter-function.php' (include_path='.:/opt/homebrew/Cellar/php@7.4/7.4.27/share/php@7.4/pear') in /Users/sunil/Sites/unissondisability-woo/wp-content/themes/unisson-disability/functions.php on line 264

2022-06-23T08:33:11+00:00 CRITICAL require(): Failed opening required '/Users/sunil/Sites/unissondisability-woo/wp-content/themes/unisson-disability/inc/filter-function.php' (include_path='.:/opt/homebrew/Cellar/php@7.4/7.4.27/share/php@7.4/pear') in /Users/sunil/Sites/unissondisability-woo/wp-content/themes/unisson-disability/functions.php on line 264

2022-06-23T08:33:11+00:00 CRITICAL require(): Failed opening required '/Users/sunil/Sites/unissondisability-woo/wp-content/themes/unisson-disability/inc/filter-function.php' (include_path='.:/opt/homebrew/Cellar/php@7.4/7.4.27/share/php@7.4/pear') in /Users/sunil/Sites/unissondisability-woo/wp-content/themes/unisson-disability/functions.php on line 264

2022-06-23T08:33:11+00:00 CRITICAL require(): Failed opening required '/Users/sunil/Sites/unissondisability-woo/wp-content/themes/unisson-disability/inc/filter-function.php' (include_path='.:/opt/homebrew/Cellar/php@7.4/7.4.27/share/php@7.4/pear') in /Users/sunil/Sites/unissondisability-woo/wp-content/themes/unisson-disability/functions.php on line 264

2022-06-23T08:33:11+00:00 CRITICAL require(): Failed opening required '/Users/sunil/Sites/unissondisability-woo/wp-content/themes/unisson-disability/inc/filter-function.php' (include_path='.:/opt/homebrew/Cellar/php@7.4/7.4.27/share/php@7.4/pear') in /Users/sunil/Sites/unissondisability-woo/wp-content/themes/unisson-disability/functions.php on line 264

2022-06-23T08:33:12+00:00 CRITICAL require(): Failed opening required '/Users/sunil/Sites/unissondisability-woo/wp-content/themes/unisson-disability/inc/filter-function.php' (include_path='.:/opt/homebrew/Cellar/php@7.4/7.4.27/share/php@7.4/pear') in /Users/sunil/Sites/unissondisability-woo/wp-content/themes/unisson-disability/functions.php on line 264

2022-06-23T08:33:12+00:00 CRITICAL require(): Failed opening required '/Users/sunil/Sites/unissondisability-woo/wp-content/themes/unisson-disability/inc/filter-function.php' (include_path='.:/opt/homebrew/Cellar/php@7.4/7.4.27/share/php@7.4/pear') in /Users/sunil/Sites/unissondisability-woo/wp-content/themes/unisson-disability/functions.php on line 264

2022-06-23T08:33:12+00:00 CRITICAL require(): Failed opening required '/Users/sunil/Sites/unissondisability-woo/wp-content/themes/unisson-disability/inc/filter-function.php' (include_path='.:/opt/homebrew/Cellar/php@7.4/7.4.27/share/php@7.4/pear') in /Users/sunil/Sites/unissondisability-woo/wp-content/themes/unisson-disability/functions.php on line 264

2022-06-23T08:33:12+00:00 CRITICAL require(): Failed opening required '/Users/sunil/Sites/unissondisability-woo/wp-content/themes/unisson-disability/inc/filter-function.php' (include_path='.:/opt/homebrew/Cellar/php@7.4/7.4.27/share/php@7.4/pear') in /Users/sunil/Sites/unissondisability-woo/wp-content/themes/unisson-disability/functions.php on line 264

