2022-06-17T02:38:17+00:00 CRITICAL syntax error, unexpected '}', expecting end of file in /Users/sunil/Sites/unissondisability-woo/wp-content/themes/unisson-disability/functions.php on line 405

2022-06-17T02:38:17+00:00 CRITICAL syntax error, unexpected '}', expecting end of file in /Users/sunil/Sites/unissondisability-woo/wp-content/themes/unisson-disability/functions.php on line 405

2022-06-17T02:38:17+00:00 CRITICAL syntax error, unexpected '}', expecting end of file in /Users/sunil/Sites/unissondisability-woo/wp-content/themes/unisson-disability/functions.php on line 405

2022-06-17T02:38:17+00:00 CRITICAL syntax error, unexpected '}', expecting end of file in /Users/sunil/Sites/unissondisability-woo/wp-content/themes/unisson-disability/functions.php on line 405

2022-06-17T02:38:34+00:00 CRITICAL syntax error, unexpected '}', expecting end of file in /Users/sunil/Sites/unissondisability-woo/wp-content/themes/unisson-disability/functions.php on line 405

2022-06-17T02:38:34+00:00 CRITICAL syntax error, unexpected '}', expecting end of file in /Users/sunil/Sites/unissondisability-woo/wp-content/themes/unisson-disability/functions.php on line 405

2022-06-17T02:38:34+00:00 CRITICAL syntax error, unexpected '}', expecting end of file in /Users/sunil/Sites/unissondisability-woo/wp-content/themes/unisson-disability/functions.php on line 405

2022-06-17T02:38:34+00:00 CRITICAL syntax error, unexpected '}', expecting end of file in /Users/sunil/Sites/unissondisability-woo/wp-content/themes/unisson-disability/functions.php on line 405

2022-06-17T02:38:34+00:00 CRITICAL syntax error, unexpected '}', expecting end of file in /Users/sunil/Sites/unissondisability-woo/wp-content/themes/unisson-disability/functions.php on line 405

2022-06-17T02:38:34+00:00 CRITICAL syntax error, unexpected '}', expecting end of file in /Users/sunil/Sites/unissondisability-woo/wp-content/themes/unisson-disability/functions.php on line 405

2022-06-17T02:38:34+00:00 CRITICAL syntax error, unexpected '}', expecting end of file in /Users/sunil/Sites/unissondisability-woo/wp-content/themes/unisson-disability/functions.php on line 405

2022-06-17T02:38:34+00:00 CRITICAL syntax error, unexpected '}', expecting end of file in /Users/sunil/Sites/unissondisability-woo/wp-content/themes/unisson-disability/functions.php on line 405

2022-06-17T02:38:38+00:00 CRITICAL syntax error, unexpected '}', expecting end of file in /Users/sunil/Sites/unissondisability-woo/wp-content/themes/unisson-disability/functions.php on line 405

2022-06-17T02:38:38+00:00 CRITICAL syntax error, unexpected '}', expecting end of file in /Users/sunil/Sites/unissondisability-woo/wp-content/themes/unisson-disability/functions.php on line 405

2022-06-17T02:38:38+00:00 CRITICAL syntax error, unexpected '}', expecting end of file in /Users/sunil/Sites/unissondisability-woo/wp-content/themes/unisson-disability/functions.php on line 405

2022-06-17T02:38:38+00:00 CRITICAL syntax error, unexpected '}', expecting end of file in /Users/sunil/Sites/unissondisability-woo/wp-content/themes/unisson-disability/functions.php on line 405

2022-06-17T02:38:39+00:00 CRITICAL syntax error, unexpected '}', expecting end of file in /Users/sunil/Sites/unissondisability-woo/wp-content/themes/unisson-disability/functions.php on line 405

2022-06-17T02:38:39+00:00 CRITICAL syntax error, unexpected '}', expecting end of file in /Users/sunil/Sites/unissondisability-woo/wp-content/themes/unisson-disability/functions.php on line 405

2022-06-17T02:38:39+00:00 CRITICAL syntax error, unexpected '}', expecting end of file in /Users/sunil/Sites/unissondisability-woo/wp-content/themes/unisson-disability/functions.php on line 405

2022-06-17T02:38:39+00:00 CRITICAL syntax error, unexpected '}', expecting end of file in /Users/sunil/Sites/unissondisability-woo/wp-content/themes/unisson-disability/functions.php on line 405

2022-06-17T02:38:41+00:00 CRITICAL syntax error, unexpected '}', expecting end of file in /Users/sunil/Sites/unissondisability-woo/wp-content/themes/unisson-disability/functions.php on line 405

2022-06-17T02:38:41+00:00 CRITICAL syntax error, unexpected '}', expecting end of file in /Users/sunil/Sites/unissondisability-woo/wp-content/themes/unisson-disability/functions.php on line 405

2022-06-17T02:38:41+00:00 CRITICAL syntax error, unexpected '}', expecting end of file in /Users/sunil/Sites/unissondisability-woo/wp-content/themes/unisson-disability/functions.php on line 405

2022-06-17T02:38:41+00:00 CRITICAL syntax error, unexpected '}', expecting end of file in /Users/sunil/Sites/unissondisability-woo/wp-content/themes/unisson-disability/functions.php on line 405

2022-06-17T02:38:41+00:00 CRITICAL syntax error, unexpected '}', expecting end of file in /Users/sunil/Sites/unissondisability-woo/wp-content/themes/unisson-disability/functions.php on line 405

2022-06-17T02:38:41+00:00 CRITICAL syntax error, unexpected '}', expecting end of file in /Users/sunil/Sites/unissondisability-woo/wp-content/themes/unisson-disability/functions.php on line 405

2022-06-17T02:38:41+00:00 CRITICAL syntax error, unexpected '}', expecting end of file in /Users/sunil/Sites/unissondisability-woo/wp-content/themes/unisson-disability/functions.php on line 405

2022-06-17T02:38:41+00:00 CRITICAL syntax error, unexpected '}', expecting end of file in /Users/sunil/Sites/unissondisability-woo/wp-content/themes/unisson-disability/functions.php on line 405

2022-06-17T02:44:08+00:00 CRITICAL Uncaught Error: Call to a member function get_cart() on null in /Users/sunil/Sites/unissondisability-woo/wp-content/themes/unisson-disability/inc/register-custom-checkout-field.php:404
Stack trace:
#0 /Users/sunil/Sites/unissondisability-woo/wp-includes/class-wp-hook.php(307): display_billing_infos_to_admin_order_meta(Object(Automattic\WooCommerce\Admin\Overrides\Order))
#1 /Users/sunil/Sites/unissondisability-woo/wp-includes/class-wp-hook.php(331): WP_Hook->apply_filters('', Array)
#2 /Users/sunil/Sites/unissondisability-woo/wp-includes/plugin.php(476): WP_Hook->do_action(Array)
#3 /Users/sunil/Sites/unissondisability-woo/wp-content/plugins/woocommerce/includes/admin/meta-boxes/class-wc-meta-box-order-data.php(431): do_action('woocommerce_adm...', Object(Automattic\WooCommerce\Admin\Overrides\Order))
#4 /Users/sunil/Sites/unissondisability-woo/wp-admin/includes/template.php(1401): WC_Meta_Box_Order_Data::output(Object(WP_Post), Array)
#5 /Users/sunil/Sites/unissondisability-woo/wp-admin/edit-form-advanced.ph in /Users/sunil/Sites/unissondisability-woo/wp-content/themes/unisson-disability/inc/register-custom-checkout-field.php on line 404

2022-06-17T02:49:30+00:00 CRITICAL Uncaught Error: Call to a member function get_cart() on null in /Users/sunil/Sites/unissondisability-woo/wp-content/themes/unisson-disability/inc/register-custom-checkout-field.php:404
Stack trace:
#0 /Users/sunil/Sites/unissondisability-woo/wp-includes/class-wp-hook.php(307): my_custom_checkout_field_display_admin_order_meta(Object(Automattic\WooCommerce\Admin\Overrides\Order))
#1 /Users/sunil/Sites/unissondisability-woo/wp-includes/class-wp-hook.php(331): WP_Hook->apply_filters('', Array)
#2 /Users/sunil/Sites/unissondisability-woo/wp-includes/plugin.php(476): WP_Hook->do_action(Array)
#3 /Users/sunil/Sites/unissondisability-woo/wp-content/plugins/woocommerce/includes/admin/meta-boxes/class-wc-meta-box-order-data.php(431): do_action('woocommerce_adm...', Object(Automattic\WooCommerce\Admin\Overrides\Order))
#4 /Users/sunil/Sites/unissondisability-woo/wp-admin/includes/template.php(1401): WC_Meta_Box_Order_Data::output(Object(WP_Post), Array)
#5 /Users/sunil/Sites/unissondisability-woo/wp-admin/edit-form-adv in /Users/sunil/Sites/unissondisability-woo/wp-content/themes/unisson-disability/inc/register-custom-checkout-field.php on line 404

2022-06-17T02:59:54+00:00 CRITICAL syntax error, unexpected end of file in /Users/sunil/Sites/unissondisability-woo/wp-content/themes/unisson-disability/inc/register-custom-checkout-field.php on line 623

2022-06-17T03:58:42+00:00 CRITICAL Uncaught Error: Call to a member function get_items() on null in /Users/sunil/Sites/unissondisability-woo/wp-content/themes/unisson-disability/inc/register-custom-checkout-field.php:428
Stack trace:
#0 /Users/sunil/Sites/unissondisability-woo/wp-includes/class-wp-hook.php(309): customise_checkout_field_update_order_meta(990)
#1 /Users/sunil/Sites/unissondisability-woo/wp-includes/class-wp-hook.php(331): WP_Hook->apply_filters('', Array)
#2 /Users/sunil/Sites/unissondisability-woo/wp-includes/plugin.php(476): WP_Hook->do_action(Array)
#3 /Users/sunil/Sites/unissondisability-woo/wp-content/plugins/woocommerce/includes/class-wc-checkout.php(398): do_action('woocommerce_che...', 990, Array)
#4 /Users/sunil/Sites/unissondisability-woo/wp-content/plugins/woocommerce/includes/class-wc-checkout.php(1183): WC_Checkout->create_order(Array)
#5 /Users/sunil/Sites/unissondisability-woo/wp-content/plugins/woocommerce/includes/class-wc-ajax.php(461): WC_Checkout->process_checkout()
#6 /Users/sunil/Sites/unissondisability-wo in /Users/sunil/Sites/unissondisability-woo/wp-content/themes/unisson-disability/inc/register-custom-checkout-field.php on line 428

2022-06-17T03:58:57+00:00 CRITICAL Uncaught Error: Call to a member function get_items() on null in /Users/sunil/Sites/unissondisability-woo/wp-content/themes/unisson-disability/inc/register-custom-checkout-field.php:428
Stack trace:
#0 /Users/sunil/Sites/unissondisability-woo/wp-includes/class-wp-hook.php(309): customise_checkout_field_update_order_meta(991)
#1 /Users/sunil/Sites/unissondisability-woo/wp-includes/class-wp-hook.php(331): WP_Hook->apply_filters('', Array)
#2 /Users/sunil/Sites/unissondisability-woo/wp-includes/plugin.php(476): WP_Hook->do_action(Array)
#3 /Users/sunil/Sites/unissondisability-woo/wp-content/plugins/woocommerce/includes/class-wc-checkout.php(398): do_action('woocommerce_che...', 991, Array)
#4 /Users/sunil/Sites/unissondisability-woo/wp-content/plugins/woocommerce/includes/class-wc-checkout.php(1183): WC_Checkout->create_order(Array)
#5 /Users/sunil/Sites/unissondisability-woo/wp-content/plugins/woocommerce/includes/class-wc-ajax.php(461): WC_Checkout->process_checkout()
#6 /Users/sunil/Sites/unissondisability-wo in /Users/sunil/Sites/unissondisability-woo/wp-content/themes/unisson-disability/inc/register-custom-checkout-field.php on line 428

2022-06-17T04:01:33+00:00 CRITICAL Uncaught Error: Call to a member function get_items() on null in /Users/sunil/Sites/unissondisability-woo/wp-content/themes/unisson-disability/inc/register-custom-checkout-field.php:428
Stack trace:
#0 /Users/sunil/Sites/unissondisability-woo/wp-includes/class-wp-hook.php(309): customise_checkout_field_update_order_meta(992)
#1 /Users/sunil/Sites/unissondisability-woo/wp-includes/class-wp-hook.php(331): WP_Hook->apply_filters('', Array)
#2 /Users/sunil/Sites/unissondisability-woo/wp-includes/plugin.php(476): WP_Hook->do_action(Array)
#3 /Users/sunil/Sites/unissondisability-woo/wp-content/plugins/woocommerce/includes/class-wc-checkout.php(398): do_action('woocommerce_che...', 992, Array)
#4 /Users/sunil/Sites/unissondisability-woo/wp-content/plugins/woocommerce/includes/class-wc-checkout.php(1183): WC_Checkout->create_order(Array)
#5 /Users/sunil/Sites/unissondisability-woo/wp-content/plugins/woocommerce/includes/class-wc-ajax.php(461): WC_Checkout->process_checkout()
#6 /Users/sunil/Sites/unissondisability-wo in /Users/sunil/Sites/unissondisability-woo/wp-content/themes/unisson-disability/inc/register-custom-checkout-field.php on line 428

2022-06-17T04:29:22+00:00 CRITICAL Uncaught Error: Call to a member function get_items() on null in /Users/sunil/Sites/unissondisability-woo/wp-content/themes/unisson-disability/inc/register-custom-checkout-field.php:563
Stack trace:
#0 /Users/sunil/Sites/unissondisability-woo/wp-includes/class-wp-hook.php(309): my_custom_checkout_field_order_meta_keys(Array)
#1 /Users/sunil/Sites/unissondisability-woo/wp-includes/plugin.php(191): WP_Hook->apply_filters(Array, Array)
#2 /Users/sunil/Sites/unissondisability-woo/wp-content/plugins/woocommerce/includes/class-wc-emails.php(495): apply_filters('woocommerce_ema...', Array, true)
#3 /Users/sunil/Sites/unissondisability-woo/wp-includes/class-wp-hook.php(309): WC_Emails->order_meta(Object(Automattic\WooCommerce\Admin\Overrides\Order), true, false)
#4 /Users/sunil/Sites/unissondisability-woo/wp-includes/class-wp-hook.php(331): WP_Hook->apply_filters('', Array)
#5 /Users/sunil/Sites/unissondisability-woo/wp-includes/plugin.php(476): WP_Hook->do_action(Array)
#6 /Users/sunil/Sites/unissondisability-woo/wp in /Users/sunil/Sites/unissondisability-woo/wp-content/themes/unisson-disability/inc/register-custom-checkout-field.php on line 563

2022-06-17T04:40:59+00:00 CRITICAL Uncaught Error: Call to a member function get_items() on null in /Users/sunil/Sites/unissondisability-woo/wp-content/themes/unisson-disability/inc/register-custom-checkout-field.php:563
Stack trace:
#0 /Users/sunil/Sites/unissondisability-woo/wp-includes/class-wp-hook.php(309): my_custom_checkout_field_order_meta_keys(Array)
#1 /Users/sunil/Sites/unissondisability-woo/wp-includes/plugin.php(191): WP_Hook->apply_filters(Array, Array)
#2 /Users/sunil/Sites/unissondisability-woo/wp-content/plugins/woocommerce/includes/class-wc-emails.php(495): apply_filters('woocommerce_ema...', Array, true)
#3 /Users/sunil/Sites/unissondisability-woo/wp-includes/class-wp-hook.php(309): WC_Emails->order_meta(Object(Automattic\WooCommerce\Admin\Overrides\Order), true, false)
#4 /Users/sunil/Sites/unissondisability-woo/wp-includes/class-wp-hook.php(331): WP_Hook->apply_filters('', Array)
#5 /Users/sunil/Sites/unissondisability-woo/wp-includes/plugin.php(476): WP_Hook->do_action(Array)
#6 /Users/sunil/Sites/unissondisability-woo/wp in /Users/sunil/Sites/unissondisability-woo/wp-content/themes/unisson-disability/inc/register-custom-checkout-field.php on line 563

2022-06-17T04:52:46+00:00 CRITICAL Uncaught Error: Call to a member function get_items() on null in /Users/sunil/Sites/unissondisability-woo/wp-content/themes/unisson-disability/inc/register-custom-checkout-field.php:422
Stack trace:
#0 /Users/sunil/Sites/unissondisability-woo/wp-includes/class-wp-hook.php(309): customise_checkout_field_update_order_meta(997)
#1 /Users/sunil/Sites/unissondisability-woo/wp-includes/class-wp-hook.php(331): WP_Hook->apply_filters('', Array)
#2 /Users/sunil/Sites/unissondisability-woo/wp-includes/plugin.php(476): WP_Hook->do_action(Array)
#3 /Users/sunil/Sites/unissondisability-woo/wp-content/plugins/woocommerce/includes/class-wc-checkout.php(398): do_action('woocommerce_che...', 997, Array)
#4 /Users/sunil/Sites/unissondisability-woo/wp-content/plugins/woocommerce/includes/class-wc-checkout.php(1183): WC_Checkout->create_order(Array)
#5 /Users/sunil/Sites/unissondisability-woo/wp-content/plugins/woocommerce/includes/class-wc-ajax.php(461): WC_Checkout->process_checkout()
#6 /Users/sunil/Sites/unissondisability-wo in /Users/sunil/Sites/unissondisability-woo/wp-content/themes/unisson-disability/inc/register-custom-checkout-field.php on line 422

2022-06-17T04:54:01+00:00 CRITICAL Uncaught Error: Call to a member function get_items() on int in /Users/sunil/Sites/unissondisability-woo/wp-content/themes/unisson-disability/inc/register-custom-checkout-field.php:422
Stack trace:
#0 /Users/sunil/Sites/unissondisability-woo/wp-includes/class-wp-hook.php(309): customise_checkout_field_update_order_meta(998)
#1 /Users/sunil/Sites/unissondisability-woo/wp-includes/class-wp-hook.php(331): WP_Hook->apply_filters('', Array)
#2 /Users/sunil/Sites/unissondisability-woo/wp-includes/plugin.php(476): WP_Hook->do_action(Array)
#3 /Users/sunil/Sites/unissondisability-woo/wp-content/plugins/woocommerce/includes/class-wc-checkout.php(398): do_action('woocommerce_che...', 998, Array)
#4 /Users/sunil/Sites/unissondisability-woo/wp-content/plugins/woocommerce/includes/class-wc-checkout.php(1183): WC_Checkout->create_order(Array)
#5 /Users/sunil/Sites/unissondisability-woo/wp-content/plugins/woocommerce/includes/class-wc-ajax.php(461): WC_Checkout->process_checkout()
#6 /Users/sunil/Sites/unissondisability-woo in /Users/sunil/Sites/unissondisability-woo/wp-content/themes/unisson-disability/inc/register-custom-checkout-field.php on line 422

2022-06-17T04:56:55+00:00 CRITICAL Uncaught Error: Call to a member function get_items() on array in /Users/sunil/Sites/unissondisability-woo/wp-content/themes/unisson-disability/inc/register-custom-checkout-field.php:562
Stack trace:
#0 /Users/sunil/Sites/unissondisability-woo/wp-includes/class-wp-hook.php(309): my_custom_checkout_field_order_meta_keys(Array)
#1 /Users/sunil/Sites/unissondisability-woo/wp-includes/plugin.php(191): WP_Hook->apply_filters(Array, Array)
#2 /Users/sunil/Sites/unissondisability-woo/wp-content/plugins/woocommerce/includes/class-wc-emails.php(495): apply_filters('woocommerce_ema...', Array, true)
#3 /Users/sunil/Sites/unissondisability-woo/wp-includes/class-wp-hook.php(309): WC_Emails->order_meta(Object(Automattic\WooCommerce\Admin\Overrides\Order), true, false)
#4 /Users/sunil/Sites/unissondisability-woo/wp-includes/class-wp-hook.php(331): WP_Hook->apply_filters('', Array)
#5 /Users/sunil/Sites/unissondisability-woo/wp-includes/plugin.php(476): WP_Hook->do_action(Array)
#6 /Users/sunil/Sites/unissondisability-woo/w in /Users/sunil/Sites/unissondisability-woo/wp-content/themes/unisson-disability/inc/register-custom-checkout-field.php on line 562

2022-06-17T05:15:17+00:00 CRITICAL Uncaught Error: Call to a member function get_items() on int in /Users/sunil/Sites/unissondisability-woo/wp-content/themes/unisson-disability/inc/register-custom-checkout-field.php:422
Stack trace:
#0 /Users/sunil/Sites/unissondisability-woo/wp-includes/class-wp-hook.php(309): customise_checkout_field_update_order_meta(1004)
#1 /Users/sunil/Sites/unissondisability-woo/wp-includes/class-wp-hook.php(331): WP_Hook->apply_filters('', Array)
#2 /Users/sunil/Sites/unissondisability-woo/wp-includes/plugin.php(476): WP_Hook->do_action(Array)
#3 /Users/sunil/Sites/unissondisability-woo/wp-content/plugins/woocommerce/includes/class-wc-checkout.php(398): do_action('woocommerce_che...', 1004, Array)
#4 /Users/sunil/Sites/unissondisability-woo/wp-content/plugins/woocommerce/includes/class-wc-checkout.php(1183): WC_Checkout->create_order(Array)
#5 /Users/sunil/Sites/unissondisability-woo/wp-content/plugins/woocommerce/includes/class-wc-ajax.php(461): WC_Checkout->process_checkout()
#6 /Users/sunil/Sites/unissondisability-w in /Users/sunil/Sites/unissondisability-woo/wp-content/themes/unisson-disability/inc/register-custom-checkout-field.php on line 422

2022-06-17T05:15:40+00:00 CRITICAL Uncaught ArgumentCountError: Too few arguments to function customise_checkout_field_update_order_meta(), 1 passed in /Users/sunil/Sites/unissondisability-woo/wp-includes/class-wp-hook.php on line 309 and exactly 2 expected in /Users/sunil/Sites/unissondisability-woo/wp-content/themes/unisson-disability/inc/register-custom-checkout-field.php:410
Stack trace:
#0 /Users/sunil/Sites/unissondisability-woo/wp-includes/class-wp-hook.php(309): customise_checkout_field_update_order_meta(1005)
#1 /Users/sunil/Sites/unissondisability-woo/wp-includes/class-wp-hook.php(331): WP_Hook->apply_filters('', Array)
#2 /Users/sunil/Sites/unissondisability-woo/wp-includes/plugin.php(476): WP_Hook->do_action(Array)
#3 /Users/sunil/Sites/unissondisability-woo/wp-content/plugins/woocommerce/includes/class-wc-checkout.php(398): do_action('woocommerce_che...', 1005, Array)
#4 /Users/sunil/Sites/unissondisability-woo/wp-content/plugins/woocommerce/includes/class-wc-checkout.php(1183): WC_Checkout->create_order(Array)
#5 /Users/sunil/Sit in /Users/sunil/Sites/unissondisability-woo/wp-content/themes/unisson-disability/inc/register-custom-checkout-field.php on line 410

2022-06-17T05:17:52+00:00 CRITICAL Uncaught ArgumentCountError: Too few arguments to function customise_checkout_field_update_order_meta(), 1 passed in /Users/sunil/Sites/unissondisability-woo/wp-includes/class-wp-hook.php on line 309 and exactly 2 expected in /Users/sunil/Sites/unissondisability-woo/wp-content/themes/unisson-disability/inc/register-custom-checkout-field.php:410
Stack trace:
#0 /Users/sunil/Sites/unissondisability-woo/wp-includes/class-wp-hook.php(309): customise_checkout_field_update_order_meta(1006)
#1 /Users/sunil/Sites/unissondisability-woo/wp-includes/class-wp-hook.php(331): WP_Hook->apply_filters('', Array)
#2 /Users/sunil/Sites/unissondisability-woo/wp-includes/plugin.php(476): WP_Hook->do_action(Array)
#3 /Users/sunil/Sites/unissondisability-woo/wp-content/plugins/woocommerce/includes/class-wc-checkout.php(398): do_action('woocommerce_che...', 1006, Array)
#4 /Users/sunil/Sites/unissondisability-woo/wp-content/plugins/woocommerce/includes/class-wc-checkout.php(1183): WC_Checkout->create_order(Array)
#5 /Users/sunil/Sit in /Users/sunil/Sites/unissondisability-woo/wp-content/themes/unisson-disability/inc/register-custom-checkout-field.php on line 410

2022-06-17T05:25:10+00:00 CRITICAL Uncaught ArgumentCountError: Too few arguments to function customise_checkout_field_update_order_meta(), 1 passed in /Users/sunil/Sites/unissondisability-woo/wp-includes/class-wp-hook.php on line 309 and exactly 2 expected in /Users/sunil/Sites/unissondisability-woo/wp-content/themes/unisson-disability/inc/register-custom-checkout-field.php:410
Stack trace:
#0 /Users/sunil/Sites/unissondisability-woo/wp-includes/class-wp-hook.php(309): customise_checkout_field_update_order_meta(1007)
#1 /Users/sunil/Sites/unissondisability-woo/wp-includes/class-wp-hook.php(331): WP_Hook->apply_filters('', Array)
#2 /Users/sunil/Sites/unissondisability-woo/wp-includes/plugin.php(476): WP_Hook->do_action(Array)
#3 /Users/sunil/Sites/unissondisability-woo/wp-content/plugins/woocommerce/includes/class-wc-checkout.php(398): do_action('woocommerce_che...', 1007, Array)
#4 /Users/sunil/Sites/unissondisability-woo/wp-content/plugins/woocommerce/includes/class-wc-checkout.php(1183): WC_Checkout->create_order(Array)
#5 /Users/sunil/Sit in /Users/sunil/Sites/unissondisability-woo/wp-content/themes/unisson-disability/inc/register-custom-checkout-field.php on line 410

2022-06-17T05:27:02+00:00 CRITICAL Uncaught Error: Call to a member function get_items() on int in /Users/sunil/Sites/unissondisability-woo/wp-content/themes/unisson-disability/inc/register-custom-checkout-field.php:413
Stack trace:
#0 /Users/sunil/Sites/unissondisability-woo/wp-includes/class-wp-hook.php(309): customise_checkout_field_update_order_meta(1008)
#1 /Users/sunil/Sites/unissondisability-woo/wp-includes/class-wp-hook.php(331): WP_Hook->apply_filters('', Array)
#2 /Users/sunil/Sites/unissondisability-woo/wp-includes/plugin.php(476): WP_Hook->do_action(Array)
#3 /Users/sunil/Sites/unissondisability-woo/wp-content/plugins/woocommerce/includes/class-wc-checkout.php(398): do_action('woocommerce_che...', 1008, Array)
#4 /Users/sunil/Sites/unissondisability-woo/wp-content/plugins/woocommerce/includes/class-wc-checkout.php(1183): WC_Checkout->create_order(Array)
#5 /Users/sunil/Sites/unissondisability-woo/wp-content/plugins/woocommerce/includes/class-wc-ajax.php(461): WC_Checkout->process_checkout()
#6 /Users/sunil/Sites/unissondisability-w in /Users/sunil/Sites/unissondisability-woo/wp-content/themes/unisson-disability/inc/register-custom-checkout-field.php on line 413

2022-06-17T05:27:39+00:00 CRITICAL Uncaught Error: Call to a member function get_items() on int in /Users/sunil/Sites/unissondisability-woo/wp-content/themes/unisson-disability/inc/register-custom-checkout-field.php:413
Stack trace:
#0 /Users/sunil/Sites/unissondisability-woo/wp-includes/class-wp-hook.php(309): customise_checkout_field_update_order_meta(1009)
#1 /Users/sunil/Sites/unissondisability-woo/wp-includes/class-wp-hook.php(331): WP_Hook->apply_filters('', Array)
#2 /Users/sunil/Sites/unissondisability-woo/wp-includes/plugin.php(476): WP_Hook->do_action(Array)
#3 /Users/sunil/Sites/unissondisability-woo/wp-content/plugins/woocommerce/includes/class-wc-checkout.php(398): do_action('woocommerce_che...', 1009, Array)
#4 /Users/sunil/Sites/unissondisability-woo/wp-content/plugins/woocommerce/includes/class-wc-checkout.php(1183): WC_Checkout->create_order(Array)
#5 /Users/sunil/Sites/unissondisability-woo/wp-content/plugins/woocommerce/includes/class-wc-ajax.php(461): WC_Checkout->process_checkout()
#6 /Users/sunil/Sites/unissondisability-w in /Users/sunil/Sites/unissondisability-woo/wp-content/themes/unisson-disability/inc/register-custom-checkout-field.php on line 413

2022-06-17T05:27:41+00:00 CRITICAL Uncaught Error: Call to a member function get_items() on int in /Users/sunil/Sites/unissondisability-woo/wp-content/themes/unisson-disability/inc/register-custom-checkout-field.php:413
Stack trace:
#0 /Users/sunil/Sites/unissondisability-woo/wp-includes/class-wp-hook.php(309): customise_checkout_field_update_order_meta(1010)
#1 /Users/sunil/Sites/unissondisability-woo/wp-includes/class-wp-hook.php(331): WP_Hook->apply_filters('', Array)
#2 /Users/sunil/Sites/unissondisability-woo/wp-includes/plugin.php(476): WP_Hook->do_action(Array)
#3 /Users/sunil/Sites/unissondisability-woo/wp-content/plugins/woocommerce/includes/class-wc-checkout.php(398): do_action('woocommerce_che...', 1010, Array)
#4 /Users/sunil/Sites/unissondisability-woo/wp-content/plugins/woocommerce/includes/class-wc-checkout.php(1183): WC_Checkout->create_order(Array)
#5 /Users/sunil/Sites/unissondisability-woo/wp-content/plugins/woocommerce/includes/class-wc-ajax.php(461): WC_Checkout->process_checkout()
#6 /Users/sunil/Sites/unissondisability-w in /Users/sunil/Sites/unissondisability-woo/wp-content/themes/unisson-disability/inc/register-custom-checkout-field.php on line 413

