2022-06-27T00:00:39+00:00 CRITICAL syntax error, unexpected '}' in /Users/sunil/Sites/unissondisability-woo/wp-content/themes/unisson-disability/inc/scripts.php on line 305

2022-06-27T00:02:36+00:00 CRITICAL syntax error, unexpected '}' in /Users/sunil/Sites/unissondisability-woo/wp-content/themes/unisson-disability/inc/scripts.php on line 291

2022-06-27T00:02:36+00:00 CRITICAL syntax error, unexpected '}' in /Users/sunil/Sites/unissondisability-woo/wp-content/themes/unisson-disability/inc/scripts.php on line 291

2022-06-27T00:02:37+00:00 CRITICAL syntax error, unexpected '}' in /Users/sunil/Sites/unissondisability-woo/wp-content/themes/unisson-disability/inc/scripts.php on line 291

2022-06-27T00:03:42+00:00 CRITICAL syntax error, unexpected '}' in /Users/sunil/Sites/unissondisability-woo/wp-content/themes/unisson-disability/inc/scripts.php on line 291

2022-06-27T00:05:42+00:00 CRITICAL syntax error, unexpected '}' in /Users/sunil/Sites/unissondisability-woo/wp-content/themes/unisson-disability/inc/scripts.php on line 291

2022-06-27T00:07:42+00:00 CRITICAL syntax error, unexpected '}' in /Users/sunil/Sites/unissondisability-woo/wp-content/themes/unisson-disability/inc/scripts.php on line 291

2022-06-27T00:09:42+00:00 CRITICAL syntax error, unexpected '}' in /Users/sunil/Sites/unissondisability-woo/wp-content/themes/unisson-disability/inc/scripts.php on line 291

2022-06-27T00:11:42+00:00 CRITICAL syntax error, unexpected '}' in /Users/sunil/Sites/unissondisability-woo/wp-content/themes/unisson-disability/inc/scripts.php on line 291

2022-06-27T00:18:52+00:00 CRITICAL syntax error, unexpected '}' in /Users/sunil/Sites/unissondisability-woo/wp-content/themes/unisson-disability/inc/scripts.php on line 291

2022-06-27T00:20:53+00:00 CRITICAL syntax error, unexpected '}' in /Users/sunil/Sites/unissondisability-woo/wp-content/themes/unisson-disability/inc/scripts.php on line 291

2022-06-27T00:22:54+00:00 CRITICAL syntax error, unexpected '}' in /Users/sunil/Sites/unissondisability-woo/wp-content/themes/unisson-disability/inc/scripts.php on line 291

2022-06-27T00:24:55+00:00 CRITICAL syntax error, unexpected '}' in /Users/sunil/Sites/unissondisability-woo/wp-content/themes/unisson-disability/inc/scripts.php on line 291

2022-06-27T00:26:55+00:00 CRITICAL syntax error, unexpected '}' in /Users/sunil/Sites/unissondisability-woo/wp-content/themes/unisson-disability/inc/scripts.php on line 291

2022-06-27T00:28:56+00:00 CRITICAL syntax error, unexpected '}' in /Users/sunil/Sites/unissondisability-woo/wp-content/themes/unisson-disability/inc/scripts.php on line 291

2022-06-27T03:44:44+00:00 CRITICAL syntax error, unexpected 'endwhile' (T_ENDWHILE), expecting end of file in /Users/sunil/Sites/unissondisability-woo/wp-content/themes/unisson-disability/inc/filter.php on line 81

2022-06-27T03:57:47+00:00 CRITICAL syntax error, unexpected '}' in /Users/sunil/Sites/unissondisability-woo/wp-content/themes/unisson-disability/inc/filter.php on line 184

2022-06-27T03:57:47+00:00 CRITICAL syntax error, unexpected '}' in /Users/sunil/Sites/unissondisability-woo/wp-content/themes/unisson-disability/inc/filter.php on line 184

2022-06-27T03:57:47+00:00 CRITICAL syntax error, unexpected '}' in /Users/sunil/Sites/unissondisability-woo/wp-content/themes/unisson-disability/inc/filter.php on line 184

2022-06-27T03:57:47+00:00 CRITICAL syntax error, unexpected '}' in /Users/sunil/Sites/unissondisability-woo/wp-content/themes/unisson-disability/inc/filter.php on line 184

2022-06-27T03:57:47+00:00 CRITICAL syntax error, unexpected '}' in /Users/sunil/Sites/unissondisability-woo/wp-content/themes/unisson-disability/inc/filter.php on line 184

2022-06-27T03:57:47+00:00 CRITICAL syntax error, unexpected '}' in /Users/sunil/Sites/unissondisability-woo/wp-content/themes/unisson-disability/inc/filter.php on line 184

2022-06-27T03:57:47+00:00 CRITICAL syntax error, unexpected '}' in /Users/sunil/Sites/unissondisability-woo/wp-content/themes/unisson-disability/inc/filter.php on line 184

2022-06-27T03:57:47+00:00 CRITICAL syntax error, unexpected '}' in /Users/sunil/Sites/unissondisability-woo/wp-content/themes/unisson-disability/inc/filter.php on line 184

2022-06-27T03:57:56+00:00 CRITICAL syntax error, unexpected '}' in /Users/sunil/Sites/unissondisability-woo/wp-content/themes/unisson-disability/inc/filter.php on line 184

2022-06-27T03:57:56+00:00 CRITICAL syntax error, unexpected '}' in /Users/sunil/Sites/unissondisability-woo/wp-content/themes/unisson-disability/inc/filter.php on line 184

2022-06-27T03:57:56+00:00 CRITICAL syntax error, unexpected '}' in /Users/sunil/Sites/unissondisability-woo/wp-content/themes/unisson-disability/inc/filter.php on line 184

2022-06-27T03:57:56+00:00 CRITICAL syntax error, unexpected '}' in /Users/sunil/Sites/unissondisability-woo/wp-content/themes/unisson-disability/inc/filter.php on line 184

2022-06-27T03:58:20+00:00 CRITICAL syntax error, unexpected '}' in /Users/sunil/Sites/unissondisability-woo/wp-content/themes/unisson-disability/inc/filter.php on line 184

2022-06-27T03:58:20+00:00 CRITICAL syntax error, unexpected '}' in /Users/sunil/Sites/unissondisability-woo/wp-content/themes/unisson-disability/inc/filter.php on line 184

2022-06-27T03:58:20+00:00 CRITICAL syntax error, unexpected '}' in /Users/sunil/Sites/unissondisability-woo/wp-content/themes/unisson-disability/inc/filter.php on line 184

2022-06-27T03:58:20+00:00 CRITICAL syntax error, unexpected '}' in /Users/sunil/Sites/unissondisability-woo/wp-content/themes/unisson-disability/inc/filter.php on line 184

2022-06-27T03:58:27+00:00 CRITICAL syntax error, unexpected '}' in /Users/sunil/Sites/unissondisability-woo/wp-content/themes/unisson-disability/inc/filter.php on line 184

2022-06-27T03:58:27+00:00 CRITICAL syntax error, unexpected '}' in /Users/sunil/Sites/unissondisability-woo/wp-content/themes/unisson-disability/inc/filter.php on line 184

2022-06-27T03:58:27+00:00 CRITICAL syntax error, unexpected '}' in /Users/sunil/Sites/unissondisability-woo/wp-content/themes/unisson-disability/inc/filter.php on line 184

2022-06-27T03:58:27+00:00 CRITICAL syntax error, unexpected '}' in /Users/sunil/Sites/unissondisability-woo/wp-content/themes/unisson-disability/inc/filter.php on line 184

2022-06-27T03:58:28+00:00 CRITICAL syntax error, unexpected '}' in /Users/sunil/Sites/unissondisability-woo/wp-content/themes/unisson-disability/inc/filter.php on line 184

2022-06-27T03:58:28+00:00 CRITICAL syntax error, unexpected '}' in /Users/sunil/Sites/unissondisability-woo/wp-content/themes/unisson-disability/inc/filter.php on line 184

2022-06-27T03:58:28+00:00 CRITICAL syntax error, unexpected '}' in /Users/sunil/Sites/unissondisability-woo/wp-content/themes/unisson-disability/inc/filter.php on line 184

2022-06-27T03:58:28+00:00 CRITICAL syntax error, unexpected '}' in /Users/sunil/Sites/unissondisability-woo/wp-content/themes/unisson-disability/inc/filter.php on line 184

2022-06-27T03:58:28+00:00 CRITICAL syntax error, unexpected '}' in /Users/sunil/Sites/unissondisability-woo/wp-content/themes/unisson-disability/inc/filter.php on line 184

2022-06-27T03:58:28+00:00 CRITICAL syntax error, unexpected '}' in /Users/sunil/Sites/unissondisability-woo/wp-content/themes/unisson-disability/inc/filter.php on line 184

2022-06-27T03:58:28+00:00 CRITICAL syntax error, unexpected '}' in /Users/sunil/Sites/unissondisability-woo/wp-content/themes/unisson-disability/inc/filter.php on line 184

2022-06-27T03:58:28+00:00 CRITICAL syntax error, unexpected '}' in /Users/sunil/Sites/unissondisability-woo/wp-content/themes/unisson-disability/inc/filter.php on line 184

2022-06-27T03:58:28+00:00 CRITICAL syntax error, unexpected '}' in /Users/sunil/Sites/unissondisability-woo/wp-content/themes/unisson-disability/inc/filter.php on line 184

2022-06-27T03:58:28+00:00 CRITICAL syntax error, unexpected '}' in /Users/sunil/Sites/unissondisability-woo/wp-content/themes/unisson-disability/inc/filter.php on line 184

2022-06-27T03:58:28+00:00 CRITICAL syntax error, unexpected '}' in /Users/sunil/Sites/unissondisability-woo/wp-content/themes/unisson-disability/inc/filter.php on line 184

2022-06-27T03:58:28+00:00 CRITICAL syntax error, unexpected '}' in /Users/sunil/Sites/unissondisability-woo/wp-content/themes/unisson-disability/inc/filter.php on line 184

2022-06-27T03:58:31+00:00 CRITICAL syntax error, unexpected '}' in /Users/sunil/Sites/unissondisability-woo/wp-content/themes/unisson-disability/inc/filter.php on line 184

2022-06-27T03:58:31+00:00 CRITICAL syntax error, unexpected '}' in /Users/sunil/Sites/unissondisability-woo/wp-content/themes/unisson-disability/inc/filter.php on line 184

2022-06-27T03:58:31+00:00 CRITICAL syntax error, unexpected '}' in /Users/sunil/Sites/unissondisability-woo/wp-content/themes/unisson-disability/inc/filter.php on line 184

2022-06-27T03:58:31+00:00 CRITICAL syntax error, unexpected '}' in /Users/sunil/Sites/unissondisability-woo/wp-content/themes/unisson-disability/inc/filter.php on line 184

2022-06-27T03:59:16+00:00 CRITICAL syntax error, unexpected '}' in /Users/sunil/Sites/unissondisability-woo/wp-content/themes/unisson-disability/inc/filter.php on line 184

2022-06-27T03:59:16+00:00 CRITICAL syntax error, unexpected '}' in /Users/sunil/Sites/unissondisability-woo/wp-content/themes/unisson-disability/inc/filter.php on line 184

2022-06-27T03:59:16+00:00 CRITICAL syntax error, unexpected '}' in /Users/sunil/Sites/unissondisability-woo/wp-content/themes/unisson-disability/inc/filter.php on line 184

2022-06-27T03:59:16+00:00 CRITICAL syntax error, unexpected '}' in /Users/sunil/Sites/unissondisability-woo/wp-content/themes/unisson-disability/inc/filter.php on line 184

2022-06-27T04:56:19+00:00 CRITICAL syntax error, unexpected 'else' (T_ELSE) in /Users/sunil/Sites/unissondisability-woo/wp-content/themes/unisson-disability/inc/filter.php on line 234

2022-06-27T05:03:49+00:00 CRITICAL Cannot redeclare load_scripts() (previously declared in /Users/sunil/Sites/unissondisability-woo/wp-content/themes/unisson-disability/functions.php:371) in /Users/sunil/Sites/unissondisability-woo/wp-content/themes/unisson-disability/inc/scripts.php on line 68

2022-06-27T05:03:49+00:00 CRITICAL Cannot redeclare load_scripts() (previously declared in /Users/sunil/Sites/unissondisability-woo/wp-content/themes/unisson-disability/functions.php:371) in /Users/sunil/Sites/unissondisability-woo/wp-content/themes/unisson-disability/inc/scripts.php on line 68

2022-06-27T05:04:13+00:00 CRITICAL Cannot redeclare vb_ajax_pager() (previously declared in /Users/sunil/Sites/unissondisability-woo/wp-content/themes/unisson-disability/functions.php:494) in /Users/sunil/Sites/unissondisability-woo/wp-content/themes/unisson-disability/inc/scripts.php on line 79

2022-06-27T05:04:13+00:00 CRITICAL Cannot redeclare vb_ajax_pager() (previously declared in /Users/sunil/Sites/unissondisability-woo/wp-content/themes/unisson-disability/functions.php:494) in /Users/sunil/Sites/unissondisability-woo/wp-content/themes/unisson-disability/inc/scripts.php on line 79

2022-06-27T05:07:33+00:00 CRITICAL Cannot redeclare load_scripts() (previously declared in /Users/sunil/Sites/unissondisability-woo/wp-content/themes/unisson-disability/functions.php:371) in /Users/sunil/Sites/unissondisability-woo/wp-content/themes/unisson-disability/inc/scripts.php on line 7

2022-06-27T05:07:39+00:00 CRITICAL Cannot redeclare load_scripts() (previously declared in /Users/sunil/Sites/unissondisability-woo/wp-content/themes/unisson-disability/functions.php:371) in /Users/sunil/Sites/unissondisability-woo/wp-content/themes/unisson-disability/inc/scripts.php on line 7

