2022-05-10T23:27:30+00:00 CRITICAL syntax error, unexpected ';' in /Users/sunil/Sites/unissondisability-woo/wp-content/themes/storefrontchildtheme/functions.php on line 20

2022-05-10T23:45:20+00:00 CRITICAL Cannot redeclare just_a_test() (previously declared in /Users/sunil/Sites/unissondisability-woo/wp-content/themes/storefrontchildtheme/functions.php:22) in /Users/sunil/Sites/unissondisability-woo/wp-content/themes/storefrontchildtheme/functions.php on line 22

2022-05-10T23:46:04+00:00 CRITICAL Uncaught ArgumentCountError: Too few arguments to function person_details(), 1 passed in /Users/sunil/Sites/unissondisability-woo/wp-includes/class-wp-hook.php on line 307 and exactly 4 expected in /Users/sunil/Sites/unissondisability-woo/wp-content/themes/storefrontchildtheme/functions.php:14
Stack trace:
#0 /Users/sunil/Sites/unissondisability-woo/wp-includes/class-wp-hook.php(307): person_details(Object(WC_Checkout))
#1 /Users/sunil/Sites/unissondisability-woo/wp-includes/class-wp-hook.php(331): WP_Hook->apply_filters('', Array)
#2 /Users/sunil/Sites/unissondisability-woo/wp-includes/plugin.php(474): WP_Hook->do_action(Array)
#3 /Users/sunil/Sites/unissondisability-woo/wp-content/themes/storefrontchildtheme/woocommerce/checkout/form-shipping.php(51): do_action('woocommerce_bef...', Object(WC_Checkout))
#4 /Users/sunil/Sites/unissondisability-woo/wp-content/plugins/woocommerce/includes/wc-core-functions.php(345): include('/Users/sunil/Si...')
#5 /Users/sunil/Sites/unissondisability-woo/wp-content/plugins/wo in /Users/sunil/Sites/unissondisability-woo/wp-content/themes/storefrontchildtheme/functions.php on line 14

2022-05-10T23:47:10+00:00 CRITICAL Uncaught ArgumentCountError: Too few arguments to function person_details(), 1 passed in /Users/sunil/Sites/unissondisability-woo/wp-includes/class-wp-hook.php on line 307 and exactly 4 expected in /Users/sunil/Sites/unissondisability-woo/wp-content/themes/storefrontchildtheme/functions.php:15
Stack trace:
#0 /Users/sunil/Sites/unissondisability-woo/wp-includes/class-wp-hook.php(307): person_details(Object(WC_Checkout))
#1 /Users/sunil/Sites/unissondisability-woo/wp-includes/class-wp-hook.php(331): WP_Hook->apply_filters('', Array)
#2 /Users/sunil/Sites/unissondisability-woo/wp-includes/plugin.php(474): WP_Hook->do_action(Array)
#3 /Users/sunil/Sites/unissondisability-woo/wp-content/themes/storefrontchildtheme/woocommerce/checkout/form-shipping.php(51): do_action('woocommerce_bef...', Object(WC_Checkout))
#4 /Users/sunil/Sites/unissondisability-woo/wp-content/plugins/woocommerce/includes/wc-core-functions.php(345): include('/Users/sunil/Si...')
#5 /Users/sunil/Sites/unissondisability-woo/wp-content/plugins/wo in /Users/sunil/Sites/unissondisability-woo/wp-content/themes/storefrontchildtheme/functions.php on line 15

2022-05-10T23:48:33+00:00 CRITICAL Uncaught ArgumentCountError: Too few arguments to function person_details(), 1 passed in /Users/sunil/Sites/unissondisability-woo/wp-includes/class-wp-hook.php on line 307 and exactly 4 expected in /Users/sunil/Sites/unissondisability-woo/wp-content/themes/storefrontchildtheme/functions.php:16
Stack trace:
#0 /Users/sunil/Sites/unissondisability-woo/wp-includes/class-wp-hook.php(307): person_details(Object(WC_Checkout))
#1 /Users/sunil/Sites/unissondisability-woo/wp-includes/class-wp-hook.php(331): WP_Hook->apply_filters('', Array)
#2 /Users/sunil/Sites/unissondisability-woo/wp-includes/plugin.php(474): WP_Hook->do_action(Array)
#3 /Users/sunil/Sites/unissondisability-woo/wp-content/themes/storefrontchildtheme/woocommerce/checkout/form-shipping.php(51): do_action('woocommerce_bef...', Object(WC_Checkout))
#4 /Users/sunil/Sites/unissondisability-woo/wp-content/plugins/woocommerce/includes/wc-core-functions.php(345): include('/Users/sunil/Si...')
#5 /Users/sunil/Sites/unissondisability-woo/wp-content/plugins/wo in /Users/sunil/Sites/unissondisability-woo/wp-content/themes/storefrontchildtheme/functions.php on line 16

2022-05-10T23:51:25+00:00 CRITICAL Uncaught Error: Call to a member function get_title() on bool in /Users/sunil/Sites/unissondisability-woo/wp-content/themes/storefrontchildtheme/functions.php:23
Stack trace:
#0 /Users/sunil/Sites/unissondisability-woo/wp-includes/class-wp-hook.php(307): person_details(Object(WC_Checkout))
#1 /Users/sunil/Sites/unissondisability-woo/wp-includes/class-wp-hook.php(331): WP_Hook->apply_filters('', Array)
#2 /Users/sunil/Sites/unissondisability-woo/wp-includes/plugin.php(474): WP_Hook->do_action(Array)
#3 /Users/sunil/Sites/unissondisability-woo/wp-content/themes/storefrontchildtheme/woocommerce/checkout/form-shipping.php(51): do_action('woocommerce_bef...', Object(WC_Checkout))
#4 /Users/sunil/Sites/unissondisability-woo/wp-content/plugins/woocommerce/includes/wc-core-functions.php(345): include('/Users/sunil/Si...')
#5 /Users/sunil/Sites/unissondisability-woo/wp-content/plugins/woocommerce/includes/class-wc-checkout.php(303): wc_get_template('checkout/form-s...', Array)
#6 /Users/sunil/Sites/unissondisability-w in /Users/sunil/Sites/unissondisability-woo/wp-content/themes/storefrontchildtheme/functions.php on line 23

2022-05-10T23:51:46+00:00 CRITICAL Uncaught Error: Call to a member function get_title() on bool in /Users/sunil/Sites/unissondisability-woo/wp-content/themes/storefrontchildtheme/functions.php:23
Stack trace:
#0 /Users/sunil/Sites/unissondisability-woo/wp-includes/class-wp-hook.php(307): person_details(Object(WC_Checkout))
#1 /Users/sunil/Sites/unissondisability-woo/wp-includes/class-wp-hook.php(331): WP_Hook->apply_filters('', Array)
#2 /Users/sunil/Sites/unissondisability-woo/wp-includes/plugin.php(474): WP_Hook->do_action(Array)
#3 /Users/sunil/Sites/unissondisability-woo/wp-content/themes/storefrontchildtheme/woocommerce/checkout/form-shipping.php(51): do_action('woocommerce_bef...', Object(WC_Checkout))
#4 /Users/sunil/Sites/unissondisability-woo/wp-content/plugins/woocommerce/includes/wc-core-functions.php(345): include('/Users/sunil/Si...')
#5 /Users/sunil/Sites/unissondisability-woo/wp-content/plugins/woocommerce/includes/class-wc-checkout.php(303): wc_get_template('checkout/form-s...', Array)
#6 /Users/sunil/Sites/unissondisability-w in /Users/sunil/Sites/unissondisability-woo/wp-content/themes/storefrontchildtheme/functions.php on line 23

2022-05-10T23:52:19+00:00 CRITICAL Uncaught Error: Call to a member function get_title() on bool in /Users/sunil/Sites/unissondisability-woo/wp-content/themes/storefrontchildtheme/functions.php:23
Stack trace:
#0 /Users/sunil/Sites/unissondisability-woo/wp-includes/class-wp-hook.php(307): person_details(Object(WC_Checkout))
#1 /Users/sunil/Sites/unissondisability-woo/wp-includes/class-wp-hook.php(331): WP_Hook->apply_filters('', Array)
#2 /Users/sunil/Sites/unissondisability-woo/wp-includes/plugin.php(474): WP_Hook->do_action(Array)
#3 /Users/sunil/Sites/unissondisability-woo/wp-content/themes/storefrontchildtheme/woocommerce/checkout/form-shipping.php(51): do_action('woocommerce_bef...', Object(WC_Checkout))
#4 /Users/sunil/Sites/unissondisability-woo/wp-content/plugins/woocommerce/includes/wc-core-functions.php(345): include('/Users/sunil/Si...')
#5 /Users/sunil/Sites/unissondisability-woo/wp-content/plugins/woocommerce/includes/class-wc-checkout.php(303): wc_get_template('checkout/form-s...', Array)
#6 /Users/sunil/Sites/unissondisability-w in /Users/sunil/Sites/unissondisability-woo/wp-content/themes/storefrontchildtheme/functions.php on line 23

2022-05-10T23:54:01+00:00 CRITICAL Uncaught Error: Call to a member function get_items() on null in /Users/sunil/Sites/unissondisability-woo/wp-content/themes/storefrontchildtheme/functions.php:22
Stack trace:
#0 /Users/sunil/Sites/unissondisability-woo/wp-includes/class-wp-hook.php(307): person_details(Object(WC_Checkout))
#1 /Users/sunil/Sites/unissondisability-woo/wp-includes/class-wp-hook.php(331): WP_Hook->apply_filters('', Array)
#2 /Users/sunil/Sites/unissondisability-woo/wp-includes/plugin.php(474): WP_Hook->do_action(Array)
#3 /Users/sunil/Sites/unissondisability-woo/wp-content/themes/storefrontchildtheme/woocommerce/checkout/form-shipping.php(51): do_action('woocommerce_bef...', Object(WC_Checkout))
#4 /Users/sunil/Sites/unissondisability-woo/wp-content/plugins/woocommerce/includes/wc-core-functions.php(345): include('/Users/sunil/Si...')
#5 /Users/sunil/Sites/unissondisability-woo/wp-content/plugins/woocommerce/includes/class-wc-checkout.php(303): wc_get_template('checkout/form-s...', Array)
#6 /Users/sunil/Sites/unissondisability-w in /Users/sunil/Sites/unissondisability-woo/wp-content/themes/storefrontchildtheme/functions.php on line 22

2022-05-10T23:54:29+00:00 CRITICAL Uncaught Error: Call to a member function get_items() on null in /Users/sunil/Sites/unissondisability-woo/wp-content/themes/storefrontchildtheme/functions.php:22
Stack trace:
#0 /Users/sunil/Sites/unissondisability-woo/wp-includes/class-wp-hook.php(307): person_details(Object(WC_Checkout))
#1 /Users/sunil/Sites/unissondisability-woo/wp-includes/class-wp-hook.php(331): WP_Hook->apply_filters('', Array)
#2 /Users/sunil/Sites/unissondisability-woo/wp-includes/plugin.php(474): WP_Hook->do_action(Array)
#3 /Users/sunil/Sites/unissondisability-woo/wp-content/themes/storefrontchildtheme/woocommerce/checkout/form-shipping.php(51): do_action('woocommerce_bef...', Object(WC_Checkout))
#4 /Users/sunil/Sites/unissondisability-woo/wp-content/plugins/woocommerce/includes/wc-core-functions.php(345): include('/Users/sunil/Si...')
#5 /Users/sunil/Sites/unissondisability-woo/wp-content/plugins/woocommerce/includes/class-wc-checkout.php(303): wc_get_template('checkout/form-s...', Array)
#6 /Users/sunil/Sites/unissondisability-w in /Users/sunil/Sites/unissondisability-woo/wp-content/themes/storefrontchildtheme/functions.php on line 22

2022-05-10T23:54:30+00:00 CRITICAL Uncaught Error: Call to a member function get_items() on null in /Users/sunil/Sites/unissondisability-woo/wp-content/themes/storefrontchildtheme/functions.php:22
Stack trace:
#0 /Users/sunil/Sites/unissondisability-woo/wp-includes/class-wp-hook.php(307): person_details(Object(WC_Checkout))
#1 /Users/sunil/Sites/unissondisability-woo/wp-includes/class-wp-hook.php(331): WP_Hook->apply_filters('', Array)
#2 /Users/sunil/Sites/unissondisability-woo/wp-includes/plugin.php(474): WP_Hook->do_action(Array)
#3 /Users/sunil/Sites/unissondisability-woo/wp-content/themes/storefrontchildtheme/woocommerce/checkout/form-shipping.php(51): do_action('woocommerce_bef...', Object(WC_Checkout))
#4 /Users/sunil/Sites/unissondisability-woo/wp-content/plugins/woocommerce/includes/wc-core-functions.php(345): include('/Users/sunil/Si...')
#5 /Users/sunil/Sites/unissondisability-woo/wp-content/plugins/woocommerce/includes/class-wc-checkout.php(303): wc_get_template('checkout/form-s...', Array)
#6 /Users/sunil/Sites/unissondisability-w in /Users/sunil/Sites/unissondisability-woo/wp-content/themes/storefrontchildtheme/functions.php on line 22

2022-05-10T23:54:50+00:00 CRITICAL Uncaught Error: Call to a member function get_items() on null in /Users/sunil/Sites/unissondisability-woo/wp-content/themes/storefrontchildtheme/functions.php:21
Stack trace:
#0 /Users/sunil/Sites/unissondisability-woo/wp-includes/class-wp-hook.php(307): person_details(Object(WC_Checkout))
#1 /Users/sunil/Sites/unissondisability-woo/wp-includes/class-wp-hook.php(331): WP_Hook->apply_filters('', Array)
#2 /Users/sunil/Sites/unissondisability-woo/wp-includes/plugin.php(474): WP_Hook->do_action(Array)
#3 /Users/sunil/Sites/unissondisability-woo/wp-content/themes/storefrontchildtheme/woocommerce/checkout/form-shipping.php(51): do_action('woocommerce_bef...', Object(WC_Checkout))
#4 /Users/sunil/Sites/unissondisability-woo/wp-content/plugins/woocommerce/includes/wc-core-functions.php(345): include('/Users/sunil/Si...')
#5 /Users/sunil/Sites/unissondisability-woo/wp-content/plugins/woocommerce/includes/class-wc-checkout.php(303): wc_get_template('checkout/form-s...', Array)
#6 /Users/sunil/Sites/unissondisability-w in /Users/sunil/Sites/unissondisability-woo/wp-content/themes/storefrontchildtheme/functions.php on line 21

2022-05-10T23:55:43+00:00 CRITICAL Uncaught Error: Call to a member function get_items() on null in /Users/sunil/Sites/unissondisability-woo/wp-content/themes/storefrontchildtheme/functions.php:21
Stack trace:
#0 /Users/sunil/Sites/unissondisability-woo/wp-includes/class-wp-hook.php(307): person_details(Object(WC_Checkout))
#1 /Users/sunil/Sites/unissondisability-woo/wp-includes/class-wp-hook.php(331): WP_Hook->apply_filters('', Array)
#2 /Users/sunil/Sites/unissondisability-woo/wp-includes/plugin.php(474): WP_Hook->do_action(Array)
#3 /Users/sunil/Sites/unissondisability-woo/wp-content/themes/storefrontchildtheme/woocommerce/checkout/form-shipping.php(51): do_action('woocommerce_bef...', Object(WC_Checkout))
#4 /Users/sunil/Sites/unissondisability-woo/wp-content/plugins/woocommerce/includes/wc-core-functions.php(345): include('/Users/sunil/Si...')
#5 /Users/sunil/Sites/unissondisability-woo/wp-content/plugins/woocommerce/includes/class-wc-checkout.php(303): wc_get_template('checkout/form-s...', Array)
#6 /Users/sunil/Sites/unissondisability-w in /Users/sunil/Sites/unissondisability-woo/wp-content/themes/storefrontchildtheme/functions.php on line 21

2022-05-10T23:55:57+00:00 CRITICAL Uncaught Error: Call to a member function get_items() on null in /Users/sunil/Sites/unissondisability-woo/wp-content/themes/storefrontchildtheme/functions.php:21
Stack trace:
#0 /Users/sunil/Sites/unissondisability-woo/wp-includes/class-wp-hook.php(307): person_details(Object(WC_Checkout))
#1 /Users/sunil/Sites/unissondisability-woo/wp-includes/class-wp-hook.php(331): WP_Hook->apply_filters('', Array)
#2 /Users/sunil/Sites/unissondisability-woo/wp-includes/plugin.php(474): WP_Hook->do_action(Array)
#3 /Users/sunil/Sites/unissondisability-woo/wp-content/themes/storefrontchildtheme/woocommerce/checkout/form-shipping.php(51): do_action('woocommerce_bef...', Object(WC_Checkout))
#4 /Users/sunil/Sites/unissondisability-woo/wp-content/plugins/woocommerce/includes/wc-core-functions.php(345): include('/Users/sunil/Si...')
#5 /Users/sunil/Sites/unissondisability-woo/wp-content/plugins/woocommerce/includes/class-wc-checkout.php(303): wc_get_template('checkout/form-s...', Array)
#6 /Users/sunil/Sites/unissondisability-w in /Users/sunil/Sites/unissondisability-woo/wp-content/themes/storefrontchildtheme/functions.php on line 21

2022-05-10T23:56:12+00:00 CRITICAL Uncaught Error: Call to a member function get_items() on null in /Users/sunil/Sites/unissondisability-woo/wp-content/themes/storefrontchildtheme/functions.php:21
Stack trace:
#0 /Users/sunil/Sites/unissondisability-woo/wp-includes/class-wp-hook.php(307): person_details(Object(WC_Checkout))
#1 /Users/sunil/Sites/unissondisability-woo/wp-includes/class-wp-hook.php(331): WP_Hook->apply_filters('', Array)
#2 /Users/sunil/Sites/unissondisability-woo/wp-includes/plugin.php(474): WP_Hook->do_action(Array)
#3 /Users/sunil/Sites/unissondisability-woo/wp-content/themes/storefrontchildtheme/woocommerce/checkout/form-shipping.php(51): do_action('woocommerce_bef...', Object(WC_Checkout))
#4 /Users/sunil/Sites/unissondisability-woo/wp-content/plugins/woocommerce/includes/wc-core-functions.php(345): include('/Users/sunil/Si...')
#5 /Users/sunil/Sites/unissondisability-woo/wp-content/plugins/woocommerce/includes/class-wc-checkout.php(303): wc_get_template('checkout/form-s...', Array)
#6 /Users/sunil/Sites/unissondisability-w in /Users/sunil/Sites/unissondisability-woo/wp-content/themes/storefrontchildtheme/functions.php on line 21

2022-05-10T23:56:14+00:00 CRITICAL Uncaught Error: Call to a member function get_items() on null in /Users/sunil/Sites/unissondisability-woo/wp-content/themes/storefrontchildtheme/functions.php:21
Stack trace:
#0 /Users/sunil/Sites/unissondisability-woo/wp-includes/class-wp-hook.php(307): person_details(Object(WC_Checkout))
#1 /Users/sunil/Sites/unissondisability-woo/wp-includes/class-wp-hook.php(331): WP_Hook->apply_filters('', Array)
#2 /Users/sunil/Sites/unissondisability-woo/wp-includes/plugin.php(474): WP_Hook->do_action(Array)
#3 /Users/sunil/Sites/unissondisability-woo/wp-content/themes/storefrontchildtheme/woocommerce/checkout/form-shipping.php(51): do_action('woocommerce_bef...', Object(WC_Checkout))
#4 /Users/sunil/Sites/unissondisability-woo/wp-content/plugins/woocommerce/includes/wc-core-functions.php(345): include('/Users/sunil/Si...')
#5 /Users/sunil/Sites/unissondisability-woo/wp-content/plugins/woocommerce/includes/class-wc-checkout.php(303): wc_get_template('checkout/form-s...', Array)
#6 /Users/sunil/Sites/unissondisability-w in /Users/sunil/Sites/unissondisability-woo/wp-content/themes/storefrontchildtheme/functions.php on line 21

